09:44:30 **** Incremental Build of configuration Debug for project TP_3 ****
Info: Internal Builder is used for build
gcc -O0 -g3 -Wall -c -fmessage-length=0 -o Controller.o "..\\Controller.c" 
..\Controller.c: In function 'controller_addPassenger':
..\Controller.c:183:13: error: too few arguments to function 'itoa'
  183 |  auxIdStr = itoa(auxId);
      |             ^~~~
In file included from ..\Controller.c:2:
c:\mingw\include\stdlib.h:777:40: note: declared here
  777 | _CRTIMP __cdecl __MINGW_NOTHROW  char* itoa (int, char*, int);
      |                                        ^~~~
..\Controller.c:187:67: warning: passing argument 4 of 'Passenger_newParametros' makes pointer from integer without a cast [-Wint-conversion]
  187 |  this = Passenger_newParametros(auxIdStr, auxNombre, auxApellido, auxPrecioStr, auxTipoPasajeroStr, auxCodigoVuelo, auxEstadoVuelo);
      |                                                                   ^~~~~~~~~~~~
      |                                                                   |
      |                                                                   char
In file included from ..\Controller.c:4:
..\Passenger.h:29:12: note: expected 'char *' but argument is of type 'char'
   29 | Passenger* Passenger_newParametros(char* idStr,char* nombreStr,char* apellidoStr,char* precioStr,char* tipoPasajeroStr,char* codigoVueloStr,char* estadoVueloStr);
      |            ^~~~~~~~~~~~~~~~~~~~~~~
..\Controller.c:187:81: warning: passing argument 5 of 'Passenger_newParametros' makes pointer from integer without a cast [-Wint-conversion]
  187 |  this = Passenger_newParametros(auxIdStr, auxNombre, auxApellido, auxPrecioStr, auxTipoPasajeroStr, auxCodigoVuelo, auxEstadoVuelo);
      |                                                                                 ^~~~~~~~~~~~~~~~~~
      |                                                                                 |
      |                                                                                 char
In file included from ..\Controller.c:4:
..\Passenger.h:29:12: note: expected 'char *' but argument is of type 'char'
   29 | Passenger* Passenger_newParametros(char* idStr,char* nombreStr,char* apellidoStr,char* precioStr,char* tipoPasajeroStr,char* codigoVueloStr,char* estadoVueloStr);
      |            ^~~~~~~~~~~~~~~~~~~~~~~
..\Controller.c:187:117: warning: passing argument 7 of 'Passenger_newParametros' makes pointer from integer without a cast [-Wint-conversion]
  187 |  this = Passenger_newParametros(auxIdStr, auxNombre, auxApellido, auxPrecioStr, auxTipoPasajeroStr, auxCodigoVuelo, auxEstadoVuelo);
      |                                                                                                                     ^~~~~~~~~~~~~~
      |                                                                                                                     |
      |                                                                                                                     int
In file included from ..\Controller.c:4:
..\Passenger.h:29:12: note: expected 'char *' but argument is of type 'int'
   29 | Passenger* Passenger_newParametros(char* idStr,char* nombreStr,char* apellidoStr,char* precioStr,char* tipoPasajeroStr,char* codigoVueloStr,char* estadoVueloStr);
      |            ^~~~~~~~~~~~~~~~~~~~~~~
09:46:12 **** Incremental Build of configuration Debug for project TP_3 ****
Info: Internal Builder is used for build
gcc -O0 -g3 -Wall -c -fmessage-length=0 -o Controller.o "..\\Controller.c" 
..\Controller.c: In function 'controller_addPassenger':
..\Controller.c:183:32: error: expected ';' before 'auxPrecioStr'
  183 |  sprintf(auxIdStr, "%d", auxId)
      |                                ^
      |                                ;
  184 |  auxPrecioStr = auxPrecio + '0';
      |  ~~~~~~~~~~~~                   
..\Controller.c:187:67: warning: passing argument 4 of 'Passenger_newParametros' makes pointer from integer without a cast [-Wint-conversion]
  187 |  this = Passenger_newParametros(auxIdStr, auxNombre, auxApellido, auxPrecioStr, auxTipoPasajeroStr, auxCodigoVuelo, auxEstadoVuelo);
      |                                                                   ^~~~~~~~~~~~
      |                                                                   |
      |                                                                   char
In file included from ..\Controller.c:4:
..\Passenger.h:29:12: note: expected 'char *' but argument is of type 'char'
   29 | Passenger* Passenger_newParametros(char* idStr,char* nombreStr,char* apellidoStr,char* precioStr,char* tipoPasajeroStr,char* codigoVueloStr,char* estadoVueloStr);
      |            ^~~~~~~~~~~~~~~~~~~~~~~
..\Controller.c:187:81: warning: passing argument 5 of 'Passenger_newParametros' makes pointer from integer without a cast [-Wint-conversion]
  187 |  this = Passenger_newParametros(auxIdStr, auxNombre, auxApellido, auxPrecioStr, auxTipoPasajeroStr, auxCodigoVuelo, auxEstadoVuelo);
      |                                                                                 ^~~~~~~~~~~~~~~~~~
      |                                                                                 |
      |                                                                                 char
In file included from ..\Controller.c:4:
..\Passenger.h:29:12: note: expected 'char *' but argument is of type 'char'
   29 | Passenger* Passenger_newParametros(char* idStr,char* nombreStr,char* apellidoStr,char* precioStr,char* tipoPasajeroStr,char* codigoVueloStr,char* estadoVueloStr);
      |            ^~~~~~~~~~~~~~~~~~~~~~~
..\Controller.c:187:117: warning: passing argument 7 of 'Passenger_newParametros' makes pointer from integer without a cast [-Wint-conversion]
  187 |  this = Passenger_newParametros(auxIdStr, auxNombre, auxApellido, auxPrecioStr, auxTipoPasajeroStr, auxCodigoVuelo, auxEstadoVuelo);
      |                                                                                                                     ^~~~~~~~~~~~~~
      |                                                                                                                     |
      |                                                                                                                     int
In file included from ..\Controller.c:4:
..\Passenger.h:29:12: note: expected 'char *' but argument is of type 'int'
   29 | Passenger* Passenger_newParametros(char* idStr,char* nombreStr,char* apellidoStr,char* precioStr,char* tipoPasajeroStr,char* codigoVueloStr,char* estadoVueloStr);
      |            ^~~~~~~~~~~~~~~~~~~~~~~
09:46:19 **** Incremental Build of configuration Debug for project TP_3 ****
Info: Internal Builder is used for build
gcc -O0 -g3 -Wall -c -fmessage-length=0 -o Controller.o "..\\Controller.c" 
..\Controller.c: In function 'controller_addPassenger':
..\Controller.c:187:67: warning: passing argument 4 of 'Passenger_newParametros' makes pointer from integer without a cast [-Wint-conversion]
  187 |  this = Passenger_newParametros(auxIdStr, auxNombre, auxApellido, auxPrecioStr, auxTipoPasajeroStr, auxCodigoVuelo, auxEstadoVuelo);
      |                                                                   ^~~~~~~~~~~~
      |                                                                   |
      |                                                                   char
In file included from ..\Controller.c:4:
..\Passenger.h:29:12: note: expected 'char *' but argument is of type 'char'
   29 | Passenger* Passenger_newParametros(char* idStr,char* nombreStr,char* apellidoStr,char* precioStr,char* tipoPasajeroStr,char* codigoVueloStr,char* estadoVueloStr);
      |            ^~~~~~~~~~~~~~~~~~~~~~~
..\Controller.c:187:81: warning: passing argument 5 of 'Passenger_newParametros' makes pointer from integer without a cast [-Wint-conversion]
  187 |  this = Passenger_newParametros(auxIdStr, auxNombre, auxApellido, auxPrecioStr, auxTipoPasajeroStr, auxCodigoVuelo, auxEstadoVuelo);
      |                                                                                 ^~~~~~~~~~~~~~~~~~
      |                                                                                 |
      |                                                                                 char
In file included from ..\Controller.c:4:
..\Passenger.h:29:12: note: expected 'char *' but argument is of type 'char'
   29 | Passenger* Passenger_newParametros(char* idStr,char* nombreStr,char* apellidoStr,char* precioStr,char* tipoPasajeroStr,char* codigoVueloStr,char* estadoVueloStr);
      |            ^~~~~~~~~~~~~~~~~~~~~~~
..\Controller.c:187:117: warning: passing argument 7 of 'Passenger_newParametros' makes pointer from integer without a cast [-Wint-conversion]
  187 |  this = Passenger_newParametros(auxIdStr, auxNombre, auxApellido, auxPrecioStr, auxTipoPasajeroStr, auxCodigoVuelo, auxEstadoVuelo);
      |                                                                                                                     ^~~~~~~~~~~~~~
      |                                                                                                                     |
      |                                                                                                                     int
In file included from ..\Controller.c:4:
..\Passenger.h:29:12: note: expected 'char *' but argument is of type 'int'
   29 | Passenger* Passenger_newParametros(char* idStr,char* nombreStr,char* apellidoStr,char* precioStr,char* tipoPasajeroStr,char* codigoVueloStr,char* estadoVueloStr);
      |            ^~~~~~~~~~~~~~~~~~~~~~~
gcc "-LD:\\OneDrive\\Escritorio\\TP_LABORATORIO_1\\TP_3" -o TP_3.exe Controller.o Passenger.o input.o main.o parser.o -lLinkedList 
09:47:41 **** Incremental Build of configuration Debug for project TP_3 ****
Info: Internal Builder is used for build
gcc -O0 -g3 -Wall -c -fmessage-length=0 -o Controller.o "..\\Controller.c" 
..\Controller.c: In function 'controller_addPassenger':
..\Controller.c:184:10: warning: passing argument 1 of 'sprintf' makes pointer from integer without a cast [-Wint-conversion]
  184 |  sprintf(auxPrecioStr, "%d", auxPrecio);
      |          ^~~~~~~~~~~~
      |          |
      |          char
In file included from ..\Controller.c:1:
c:\mingw\include\stdio.h:463:47: note: expected 'char *' but argument is of type 'char'
  463 | _CRTIMP __cdecl __MINGW_NOTHROW  int sprintf (char *, const char *, ...);
      |                                               ^~~~~~
..\Controller.c:184:26: warning: format '%d' expects argument of type 'int', but argument 3 has type 'double' [-Wformat=]
  184 |  sprintf(auxPrecioStr, "%d", auxPrecio);
      |                         ~^   ~~~~~~~~~
      |                          |   |
      |                          int double
      |                         %f
..\Controller.c:185:10: error: 'auxTipoPasajetoStr' undeclared (first use in this function); did you mean 'auxTipoPasajeroStr'?
  185 |  sprintf(auxTipoPasajetoStr, "%d", auxTipoPasajero);
      |          ^~~~~~~~~~~~~~~~~~
      |          auxTipoPasajeroStr
..\Controller.c:185:10: note: each undeclared identifier is reported only once for each function it appears in
..\Controller.c:187:67: warning: passing argument 4 of 'Passenger_newParametros' makes pointer from integer without a cast [-Wint-conversion]
  187 |  this = Passenger_newParametros(auxIdStr, auxNombre, auxApellido, auxPrecioStr, auxTipoPasajeroStr, auxCodigoVuelo, auxEstadoVuelo);
      |                                                                   ^~~~~~~~~~~~
      |                                                                   |
      |                                                                   char
In file included from ..\Controller.c:4:
..\Passenger.h:29:12: note: expected 'char *' but argument is of type 'char'
   29 | Passenger* Passenger_newParametros(char* idStr,char* nombreStr,char* apellidoStr,char* precioStr,char* tipoPasajeroStr,char* codigoVueloStr,char* estadoVueloStr);
      |            ^~~~~~~~~~~~~~~~~~~~~~~
..\Controller.c:187:81: warning: passing argument 5 of 'Passenger_newParametros' makes pointer from integer without a cast [-Wint-conversion]
  187 |  this = Passenger_newParametros(auxIdStr, auxNombre, auxApellido, auxPrecioStr, auxTipoPasajeroStr, auxCodigoVuelo, auxEstadoVuelo);
      |                                                                                 ^~~~~~~~~~~~~~~~~~
      |                                                                                 |
      |                                                                                 char
In file included from ..\Controller.c:4:
..\Passenger.h:29:12: note: expected 'char *' but argument is of type 'char'
   29 | Passenger* Passenger_newParametros(char* idStr,char* nombreStr,char* apellidoStr,char* precioStr,char* tipoPasajeroStr,char* codigoVueloStr,char* estadoVueloStr);
      |            ^~~~~~~~~~~~~~~~~~~~~~~
..\Controller.c:187:117: warning: passing argument 7 of 'Passenger_newParametros' makes pointer from integer without a cast [-Wint-conversion]
  187 |  this = Passenger_newParametros(auxIdStr, auxNombre, auxApellido, auxPrecioStr, auxTipoPasajeroStr, auxCodigoVuelo, auxEstadoVuelo);
      |                                                                                                                     ^~~~~~~~~~~~~~
      |                                                                                                                     |
      |                                                                                                                     int
In file included from ..\Controller.c:4:
..\Passenger.h:29:12: note: expected 'char *' but argument is of type 'int'
   29 | Passenger* Passenger_newParametros(char* idStr,char* nombreStr,char* apellidoStr,char* precioStr,char* tipoPasajeroStr,char* codigoVueloStr,char* estadoVueloStr);
      |            ^~~~~~~~~~~~~~~~~~~~~~~
09:47:49 **** Incremental Build of configuration Debug for project TP_3 ****
Info: Internal Builder is used for build
gcc -O0 -g3 -Wall -c -fmessage-length=0 -o Controller.o "..\\Controller.c" 
..\Controller.c: In function 'controller_addPassenger':
..\Controller.c:184:10: warning: passing argument 1 of 'sprintf' makes pointer from integer without a cast [-Wint-conversion]
  184 |  sprintf(auxPrecioStr, "%d", auxPrecio);
      |          ^~~~~~~~~~~~
      |          |
      |          char
In file included from ..\Controller.c:1:
c:\mingw\include\stdio.h:463:47: note: expected 'char *' but argument is of type 'char'
  463 | _CRTIMP __cdecl __MINGW_NOTHROW  int sprintf (char *, const char *, ...);
      |                                               ^~~~~~
..\Controller.c:184:26: warning: format '%d' expects argument of type 'int', but argument 3 has type 'double' [-Wformat=]
  184 |  sprintf(auxPrecioStr, "%d", auxPrecio);
      |                         ~^   ~~~~~~~~~
      |                          |   |
      |                          int double
      |                         %f
..\Controller.c:185:10: warning: passing argument 1 of 'sprintf' makes pointer from integer without a cast [-Wint-conversion]
  185 |  sprintf(auxTipoPasajeroStr, "%d", auxTipoPasajero);
      |          ^~~~~~~~~~~~~~~~~~
      |          |
      |          char
In file included from ..\Controller.c:1:
c:\mingw\include\stdio.h:463:47: note: expected 'char *' but argument is of type 'char'
  463 | _CRTIMP __cdecl __MINGW_NOTHROW  int sprintf (char *, const char *, ...);
      |                                               ^~~~~~
..\Controller.c:187:67: warning: passing argument 4 of 'Passenger_newParametros' makes pointer from integer without a cast [-Wint-conversion]
  187 |  this = Passenger_newParametros(auxIdStr, auxNombre, auxApellido, auxPrecioStr, auxTipoPasajeroStr, auxCodigoVuelo, auxEstadoVuelo);
      |                                                                   ^~~~~~~~~~~~
      |                                                                   |
      |                                                                   char
In file included from ..\Controller.c:4:
..\Passenger.h:29:12: note: expected 'char *' but argument is of type 'char'
   29 | Passenger* Passenger_newParametros(char* idStr,char* nombreStr,char* apellidoStr,char* precioStr,char* tipoPasajeroStr,char* codigoVueloStr,char* estadoVueloStr);
      |            ^~~~~~~~~~~~~~~~~~~~~~~
..\Controller.c:187:81: warning: passing argument 5 of 'Passenger_newParametros' makes pointer from integer without a cast [-Wint-conversion]
  187 |  this = Passenger_newParametros(auxIdStr, auxNombre, auxApellido, auxPrecioStr, auxTipoPasajeroStr, auxCodigoVuelo, auxEstadoVuelo);
      |                                                                                 ^~~~~~~~~~~~~~~~~~
      |                                                                                 |
      |                                                                                 char
In file included from ..\Controller.c:4:
..\Passenger.h:29:12: note: expected 'char *' but argument is of type 'char'
   29 | Passenger* Passenger_newParametros(char* idStr,char* nombreStr,char* apellidoStr,char* precioStr,char* tipoPasajeroStr,char* codigoVueloStr,char* estadoVueloStr);
      |            ^~~~~~~~~~~~~~~~~~~~~~~
..\Controller.c:187:117: warning: passing argument 7 of 'Passenger_newParametros' makes pointer from integer without a cast [-Wint-conversion]
  187 |  this = Passenger_newParametros(auxIdStr, auxNombre, auxApellido, auxPrecioStr, auxTipoPasajeroStr, auxCodigoVuelo, auxEstadoVuelo);
      |                                                                                                                     ^~~~~~~~~~~~~~
      |                                                                                                                     |
      |                                                                                                                     int
In file included from ..\Controller.c:4:
..\Passenger.h:29:12: note: expected 'char *' but argument is of type 'int'
   29 | Passenger* Passenger_newParametros(char* idStr,char* nombreStr,char* apellidoStr,char* precioStr,char* tipoPasajeroStr,char* codigoVueloStr,char* estadoVueloStr);
      |            ^~~~~~~~~~~~~~~~~~~~~~~
..\Controller.c:184:2: warning: 'auxPrecioStr' is used uninitialized in this function [-Wuninitialized]
  184 |  sprintf(auxPrecioStr, "%d", auxPrecio);
      |  ^~~~~~~~~~~~~~~~~~~~~~~~~~~~~~~~~~~~~~
..\Controller.c:185:2: warning: 'auxTipoPasajeroStr' is used uninitialized in this function [-Wuninitialized]
  185 |  sprintf(auxTipoPasajeroStr, "%d", auxTipoPasajero);
      |  ^~~~~~~~~~~~~~~~~~~~~~~~~~~~~~~~~~~~~~~~~~~~~~~~~~
gcc "-LD:\\OneDrive\\Escritorio\\TP_LABORATORIO_1\\TP_3" -o TP_3.exe Controller.o Passenger.o input.o main.o parser.o -lLinkedList 
09:49:04 **** Incremental Build of configuration Debug for project TP_3 ****
Info: Internal Builder is used for build
gcc -O0 -g3 -Wall -c -fmessage-length=0 -o Controller.o "..\\Controller.c" 
..\Controller.c: In function 'controller_addPassenger':
..\Controller.c:184:26: warning: format '%d' expects argument of type 'int', but argument 3 has type 'double' [-Wformat=]
  184 |  sprintf(auxPrecioStr, "%d", auxPrecio);
      |                         ~^   ~~~~~~~~~
      |                          |   |
      |                          int double
      |                         %f
..\Controller.c:187:117: warning: passing argument 7 of 'Passenger_newParametros' makes pointer from integer without a cast [-Wint-conversion]
  187 |  this = Passenger_newParametros(auxIdStr, auxNombre, auxApellido, auxPrecioStr, auxTipoPasajeroStr, auxCodigoVuelo, auxEstadoVuelo);
      |                                                                                                                     ^~~~~~~~~~~~~~
      |                                                                                                                     |
      |                                                                                                                     int
In file included from ..\Controller.c:4:
..\Passenger.h:29:12: note: expected 'char *' but argument is of type 'int'
   29 | Passenger* Passenger_newParametros(char* idStr,char* nombreStr,char* apellidoStr,char* precioStr,char* tipoPasajeroStr,char* codigoVueloStr,char* estadoVueloStr);
      |            ^~~~~~~~~~~~~~~~~~~~~~~
gcc "-LD:\\OneDrive\\Escritorio\\TP_LABORATORIO_1\\TP_3" -o TP_3.exe Controller.o Passenger.o input.o main.o parser.o -lLinkedList 
09:49:23 **** Incremental Build of configuration Debug for project TP_3 ****
Info: Internal Builder is used for build
gcc -O0 -g3 -Wall -c -fmessage-length=0 -o Controller.o "..\\Controller.c" 
..\Controller.c: In function 'controller_addPassenger':
..\Controller.c:187:117: warning: passing argument 7 of 'Passenger_newParametros' makes pointer from integer without a cast [-Wint-conversion]
  187 |  this = Passenger_newParametros(auxIdStr, auxNombre, auxApellido, auxPrecioStr, auxTipoPasajeroStr, auxCodigoVuelo, auxEstadoVuelo);
      |                                                                                                                     ^~~~~~~~~~~~~~
      |                                                                                                                     |
      |                                                                                                                     int
In file included from ..\Controller.c:4:
..\Passenger.h:29:12: note: expected 'char *' but argument is of type 'int'
   29 | Passenger* Passenger_newParametros(char* idStr,char* nombreStr,char* apellidoStr,char* precioStr,char* tipoPasajeroStr,char* codigoVueloStr,char* estadoVueloStr);
      |            ^~~~~~~~~~~~~~~~~~~~~~~
gcc "-LD:\\OneDrive\\Escritorio\\TP_LABORATORIO_1\\TP_3" -o TP_3.exe Controller.o Passenger.o input.o main.o parser.o -lLinkedList 
09:49:51 **** Incremental Build of configuration Debug for project TP_3 ****
Info: Internal Builder is used for build
gcc -O0 -g3 -Wall -c -fmessage-length=0 -o Controller.o "..\\Controller.c" 
gcc "-LD:\\OneDrive\\Escritorio\\TP_LABORATORIO_1\\TP_3" -o TP_3.exe Controller.o Passenger.o input.o main.o parser.o -lLinkedList 
09:53:07 **** Incremental Build of configuration Debug for project TP_3 ****
Info: Internal Builder is used for build
gcc -O0 -g3 -Wall -c -fmessage-length=0 -o main.o "..\\main.c" 
gcc "-LD:\\OneDrive\\Escritorio\\TP_LABORATORIO_1\\TP_3" -o TP_3.exe Controller.o Passenger.o input.o main.o parser.o -lLinkedList 
09:56:50 **** Incremental Build of configuration Debug for project TP_3 ****
Info: Internal Builder is used for build
gcc -O0 -g3 -Wall -c -fmessage-length=0 -o Controller.o "..\\Controller.c" 
In file included from c:\mingw\include\string.h:53,
                 from ..\Passenger.h:13,
                 from ..\Controller.c:4:
..\Controller.c: In function 'controller_addPassenger':
..\Controller.c:74:22: error: invalid initializer
   74 |  char auxIdStr[10] = NULL;
      |                      ^~~~
..\Controller.c:76:23: error: invalid initializer
   76 |  char auxNombre[50] = NULL;
      |                       ^~~~
..\Controller.c:77:25: error: invalid initializer
   77 |  char auxApellido[50] = NULL;
      |                         ^~~~
..\Controller.c:79:26: error: invalid initializer
   79 |  char auxPrecioStr[40] = NULL;
      |                          ^~~~
..\Controller.c:80:27: error: invalid initializer
   80 |  char auxCodigoVuelo[8] = NULL;
      |                           ^~~~
..\Controller.c:82:32: error: invalid initializer
   82 |  char auxTipoPasajeroStr[30] = NULL;
      |                                ^~~~
..\Controller.c:84:31: error: invalid initializer
   84 |  char auxEstadoVueloStr[20] = NULL;
      |                               ^~~~
09:57:26 **** Incremental Build of configuration Debug for project TP_3 ****
Info: Internal Builder is used for build
gcc -O0 -g3 -Wall -c -fmessage-length=0 -o Controller.o "..\\Controller.c" 
..\Controller.c: In function 'controller_addPassenger':
..\Controller.c:74:22: error: empty character constant
   74 |  char auxIdStr[10] = '';
      |                      ^~
..\Controller.c:74:22: error: invalid initializer
..\Controller.c:76:23: error: empty character constant
   76 |  char auxNombre[50] = '';
      |                       ^~
..\Controller.c:76:23: error: invalid initializer
..\Controller.c:77:25: error: empty character constant
   77 |  char auxApellido[50] = '';
      |                         ^~
..\Controller.c:77:25: error: invalid initializer
..\Controller.c:79:26: error: empty character constant
   79 |  char auxPrecioStr[40] = '';
      |                          ^~
..\Controller.c:79:26: error: invalid initializer
..\Controller.c:80:27: error: empty character constant
   80 |  char auxCodigoVuelo[8] = '';
      |                           ^~
..\Controller.c:80:27: error: invalid initializer
..\Controller.c:82:32: error: empty character constant
   82 |  char auxTipoPasajeroStr[30] = '';
      |                                ^~
..\Controller.c:82:32: error: invalid initializer
..\Controller.c:84:31: error: empty character constant
   84 |  char auxEstadoVueloStr[20] = '';
      |                               ^~
..\Controller.c:84:31: error: invalid initializer
09:57:45 **** Incremental Build of configuration Debug for project TP_3 ****
Info: Internal Builder is used for build
gcc -O0 -g3 -Wall -c -fmessage-length=0 -o Controller.o "..\\Controller.c" 
gcc "-LD:\\OneDrive\\Escritorio\\TP_LABORATORIO_1\\TP_3" -o TP_3.exe Controller.o Passenger.o input.o main.o parser.o -lLinkedList 
09:58:12 **** Incremental Build of configuration Debug for project TP_3 ****
Info: Internal Builder is used for build
gcc -O0 -g3 -Wall -c -fmessage-length=0 -o input.o "..\\input.c" 
gcc "-LD:\\OneDrive\\Escritorio\\TP_LABORATORIO_1\\TP_3" -o TP_3.exe Controller.o Passenger.o input.o main.o parser.o -lLinkedList 
10:30:53 **** Incremental Build of configuration Debug for project TP_3 ****
Info: Internal Builder is used for build
gcc -O0 -g3 -Wall -c -fmessage-length=0 -o Passenger.o "..\\Passenger.c" 
gcc -O0 -g3 -Wall -c -fmessage-length=0 -o Controller.o "..\\Controller.c" 
..\Controller.c: In function 'controller_editPassenger':
..\Controller.c:228:3: warning: implicit declaration of function 'controller_ListPassenger'; did you mean 'controller_editPassenger'? [-Wimplicit-function-declaration]
  228 |   controller_ListPassenger(pArrayListPassenger);
      |   ^~~~~~~~~~~~~~~~~~~~~~~~
      |   controller_editPassenger
..\Controller.c:238:6: warning: 'indice' may be used uninitialized in this function [-Wmaybe-uninitialized]
  238 |   if (indice >= 0)
      |      ^
gcc -O0 -g3 -Wall -c -fmessage-length=0 -o parser.o "..\\parser.c" 
gcc -O0 -g3 -Wall -c -fmessage-length=0 -o main.o "..\\main.c" 
gcc "-LD:\\OneDrive\\Escritorio\\TP_LABORATORIO_1\\TP_3" -o TP_3.exe Controller.o Passenger.o input.o main.o parser.o -lLinkedList 
10:32:04 **** Incremental Build of configuration Debug for project TP_3 ****
Info: Internal Builder is used for build
gcc -O0 -g3 -Wall -c -fmessage-length=0 -o Controller.o "..\\Controller.c" 
..\Controller.c: In function 'controller_editPassenger':
..\Controller.c:228:3: warning: implicit declaration of function 'controller_ListPassenger'; did you mean 'controller_editPassenger'? [-Wimplicit-function-declaration]
  228 |   controller_ListPassenger(pArrayListPassenger);
      |   ^~~~~~~~~~~~~~~~~~~~~~~~
      |   controller_editPassenger
..\Controller.c:238:6: warning: 'indice' may be used uninitialized in this function [-Wmaybe-uninitialized]
  238 |   if (indice > 0)
      |      ^
gcc "-LD:\\OneDrive\\Escritorio\\TP_LABORATORIO_1\\TP_3" -o TP_3.exe Controller.o Passenger.o input.o main.o parser.o -lLinkedList 
10:32:26 **** Incremental Build of configuration Debug for project TP_3 ****
Info: Internal Builder is used for build
gcc -O0 -g3 -Wall -c -fmessage-length=0 -o Controller.o "..\\Controller.c" 
..\Controller.c: In function 'controller_editPassenger':
..\Controller.c:228:3: warning: implicit declaration of function 'controller_ListPassenger'; did you mean 'controller_editPassenger'? [-Wimplicit-function-declaration]
  228 |   controller_ListPassenger(pArrayListPassenger);
      |   ^~~~~~~~~~~~~~~~~~~~~~~~
      |   controller_editPassenger
gcc "-LD:\\OneDrive\\Escritorio\\TP_LABORATORIO_1\\TP_3" -o TP_3.exe Controller.o Passenger.o input.o main.o parser.o -lLinkedList 
10:32:54 **** Incremental Build of configuration Debug for project TP_3 ****
Info: Internal Builder is used for build
gcc -O0 -g3 -Wall -c -fmessage-length=0 -o main.o "..\\main.c" 
gcc "-LD:\\OneDrive\\Escritorio\\TP_LABORATORIO_1\\TP_3" -o TP_3.exe Controller.o Passenger.o input.o main.o parser.o -lLinkedList 
Info: Nothing to build for TP_3
Info: Nothing to build for TP_3
10:34:26 **** Incremental Build of configuration Debug for project TP_3 ****
Info: Internal Builder is used for build
gcc -O0 -g3 -Wall -c -fmessage-length=0 -o Controller.o "..\\Controller.c" 
..\Controller.c: In function 'controller_editPassenger':
..\Controller.c:228:3: warning: implicit declaration of function 'controller_ListPassenger'; did you mean 'controller_editPassenger'? [-Wimplicit-function-declaration]
  228 |   controller_ListPassenger(pArrayListPassenger);
      |   ^~~~~~~~~~~~~~~~~~~~~~~~
      |   controller_editPassenger
gcc "-LD:\\OneDrive\\Escritorio\\TP_LABORATORIO_1\\TP_3" -o TP_3.exe Controller.o Passenger.o input.o main.o parser.o -lLinkedList 
11:00:17 **** Incremental Build of configuration Debug for project TP_3 ****
Info: Internal Builder is used for build
gcc -O0 -g3 -Wall -c -fmessage-length=0 -o parser.o "..\\parser.c" 
gcc -O0 -g3 -Wall -c -fmessage-length=0 -o Controller.o "..\\Controller.c" 
..\Controller.c: In function 'controller_editPassenger':
..\Controller.c:280:11: warning: zero-length ms_printf format string [-Wformat-zero-length]
  280 |    printf("")
      |           ^~
..\Controller.c:280:14: error: expected ';' before '}' token
  280 |    printf("")
      |              ^
      |              ;
  281 |    }while (opcion != 8);
      |    ~          
11:06:31 **** Incremental Build of configuration Debug for project TP_3 ****
Info: Internal Builder is used for build
gcc -O0 -g3 -Wall -c -fmessage-length=0 -o Controller.o "..\\Controller.c" 
gcc -O0 -g3 -Wall -c -fmessage-length=0 -o Passenger.o "..\\Passenger.c" 
..\Passenger.c: In function 'Passenger_modificarNombre':
..\Passenger.c:609:8: warning: passing argument 1 of 'gets' from incompatible pointer type [-Wincompatible-pointer-types]
  609 |   gets(auxNombre);
      |        ^~~~~~~~~
      |        |
      |        int *
In file included from ..\Passenger.c:7:
c:\mingw\include\stdio.h:709:41: note: expected 'char *' but argument is of type 'int *'
  709 | _CRTIMP __cdecl __MINGW_NOTHROW  char * gets (char *);
      |                                         ^~~~
..\Passenger.c:611:16: warning: implicit declaration of function 'validateCharacter' [-Wimplicit-function-declaration]
  611 |   validacion = validateCharacter(auxNombre);
      |                ^~~~~~~~~~~~~~~~~
..\Passenger.c:618:9: warning: passing argument 1 of 'gets' from incompatible pointer type [-Wincompatible-pointer-types]
  618 |    gets(auxNombre);
      |         ^~~~~~~~~
      |         |
      |         int *
In file included from ..\Passenger.c:7:
c:\mingw\include\stdio.h:709:41: note: expected 'char *' but argument is of type 'int *'
  709 | _CRTIMP __cdecl __MINGW_NOTHROW  char * gets (char *);
      |                                         ^~~~
..\Passenger.c:625:30: warning: passing argument 2 of 'Passenger_setNombre' from incompatible pointer type [-Wincompatible-pointer-types]
  625 |    Passenger_setNombre(this, auxNombre);
      |                              ^~~~~~~~~
      |                              |
      |                              int *
..\Passenger.c:104:47: note: expected 'char *' but argument is of type 'int *'
  104 | int Passenger_setNombre(Passenger* this,char* nombre)
      |                                         ~~~~~~^~~~~~
gcc -O0 -g3 -Wall -c -fmessage-length=0 -o main.o "..\\main.c" 
gcc "-LD:\\OneDrive\\Escritorio\\TP_LABORATORIO_1\\TP_3" -o TP_3.exe Controller.o Passenger.o input.o main.o parser.o -lLinkedList 
11:07:43 **** Incremental Build of configuration Debug for project TP_3 ****
Info: Internal Builder is used for build
gcc -O0 -g3 -Wall -c -fmessage-length=0 -o Passenger.o "..\\Passenger.c" 
..\Passenger.c: In function 'Passenger_modificarNombre':
..\Passenger.c:610:8: warning: passing argument 1 of 'gets' from incompatible pointer type [-Wincompatible-pointer-types]
  610 |   gets(auxNombre);
      |        ^~~~~~~~~
      |        |
      |        int *
In file included from ..\Passenger.c:7:
c:\mingw\include\stdio.h:709:41: note: expected 'char *' but argument is of type 'int *'
  709 | _CRTIMP __cdecl __MINGW_NOTHROW  char * gets (char *);
      |                                         ^~~~
..\Passenger.c:612:34: warning: passing argument 1 of 'validateCharacter' from incompatible pointer type [-Wincompatible-pointer-types]
  612 |   validacion = validateCharacter(auxNombre);
      |                                  ^~~~~~~~~
      |                                  |
      |                                  int *
In file included from ..\Passenger.c:12:
..\input.h:16:29: note: expected 'char *' but argument is of type 'int *'
   16 | int validateCharacter (char string[]);
      |                        ~~~~~^~~~~~~~
..\Passenger.c:619:9: warning: passing argument 1 of 'gets' from incompatible pointer type [-Wincompatible-pointer-types]
  619 |    gets(auxNombre);
      |         ^~~~~~~~~
      |         |
      |         int *
In file included from ..\Passenger.c:7:
c:\mingw\include\stdio.h:709:41: note: expected 'char *' but argument is of type 'int *'
  709 | _CRTIMP __cdecl __MINGW_NOTHROW  char * gets (char *);
      |                                         ^~~~
..\Passenger.c:626:30: warning: passing argument 2 of 'Passenger_setNombre' from incompatible pointer type [-Wincompatible-pointer-types]
  626 |    Passenger_setNombre(this, auxNombre);
      |                              ^~~~~~~~~
      |                              |
      |                              int *
..\Passenger.c:105:47: note: expected 'char *' but argument is of type 'int *'
  105 | int Passenger_setNombre(Passenger* this,char* nombre)
      |                                         ~~~~~~^~~~~~
gcc "-LD:\\OneDrive\\Escritorio\\TP_LABORATORIO_1\\TP_3" -o TP_3.exe Controller.o Passenger.o input.o main.o parser.o -lLinkedList 
11:10:04 **** Incremental Build of configuration Debug for project TP_3 ****
Info: Internal Builder is used for build
gcc -O0 -g3 -Wall -c -fmessage-length=0 -o Passenger.o "..\\Passenger.c" 
..\Passenger.c: In function 'Passenger_modificarNombre':
..\Passenger.c:625:8: warning: passing argument 1 of 'gets' from incompatible pointer type [-Wincompatible-pointer-types]
  625 |   gets(auxNombre);
      |        ^~~~~~~~~
      |        |
      |        int *
In file included from ..\Passenger.c:7:
c:\mingw\include\stdio.h:709:41: note: expected 'char *' but argument is of type 'int *'
  709 | _CRTIMP __cdecl __MINGW_NOTHROW  char * gets (char *);
      |                                         ^~~~
..\Passenger.c:627:34: warning: passing argument 1 of 'validateCharacter' from incompatible pointer type [-Wincompatible-pointer-types]
  627 |   validacion = validateCharacter(auxNombre);
      |                                  ^~~~~~~~~
      |                                  |
      |                                  int *
In file included from ..\Passenger.c:12:
..\input.h:16:29: note: expected 'char *' but argument is of type 'int *'
   16 | int validateCharacter (char string[]);
      |                        ~~~~~^~~~~~~~
..\Passenger.c:634:9: warning: passing argument 1 of 'gets' from incompatible pointer type [-Wincompatible-pointer-types]
  634 |    gets(auxNombre);
      |         ^~~~~~~~~
      |         |
      |         int *
In file included from ..\Passenger.c:7:
c:\mingw\include\stdio.h:709:41: note: expected 'char *' but argument is of type 'int *'
  709 | _CRTIMP __cdecl __MINGW_NOTHROW  char * gets (char *);
      |                                         ^~~~
..\Passenger.c:641:30: warning: passing argument 2 of 'Passenger_setNombre' from incompatible pointer type [-Wincompatible-pointer-types]
  641 |    Passenger_setNombre(this, auxNombre);
      |                              ^~~~~~~~~
      |                              |
      |                              int *
..\Passenger.c:105:47: note: expected 'char *' but argument is of type 'int *'
  105 | int Passenger_setNombre(Passenger* this,char* nombre)
      |                                         ~~~~~~^~~~~~
gcc "-LD:\\OneDrive\\Escritorio\\TP_LABORATORIO_1\\TP_3" -o TP_3.exe Controller.o Passenger.o input.o main.o parser.o -lLinkedList 
11:10:28 **** Incremental Build of configuration Debug for project TP_3 ****
Info: Internal Builder is used for build
gcc -O0 -g3 -Wall -c -fmessage-length=0 -o Passenger.o "..\\Passenger.c" 
gcc "-LD:\\OneDrive\\Escritorio\\TP_LABORATORIO_1\\TP_3" -o TP_3.exe Controller.o Passenger.o input.o main.o parser.o -lLinkedList 
11:15:02 **** Incremental Build of configuration Debug for project TP_3 ****
Info: Internal Builder is used for build
gcc -O0 -g3 -Wall -c -fmessage-length=0 -o Passenger.o "..\\Passenger.c" 
gcc -O0 -g3 -Wall -c -fmessage-length=0 -o parser.o "..\\parser.c" 
gcc -O0 -g3 -Wall -c -fmessage-length=0 -o Controller.o "..\\Controller.c" 
gcc -O0 -g3 -Wall -c -fmessage-length=0 -o main.o "..\\main.c" 
gcc "-LD:\\OneDrive\\Escritorio\\TP_LABORATORIO_1\\TP_3" -o TP_3.exe Controller.o Passenger.o input.o main.o parser.o -lLinkedList 
11:20:15 **** Incremental Build of configuration Debug for project TP_3 ****
Info: Internal Builder is used for build
gcc -O0 -g3 -Wall -c -fmessage-length=0 -o Controller.o "..\\Controller.c" 
gcc -O0 -g3 -Wall -c -fmessage-length=0 -o Passenger.o "..\\Passenger.c" 
..\Passenger.c: In function 'Passenger_modificarPrecio':
..\Passenger.c:698:32: error: incompatible type for argument 2 of 'Passenger_setApellido'
  698 |    Passenger_setApellido(this, auxPrecio);
      |                                ^~~~~~~~~
      |                                |
      |                                float
..\Passenger.c:136:49: note: expected 'char *' but argument is of type 'float'
  136 | int Passenger_setApellido(Passenger* this,char* apellido)
      |                                           ~~~~~~^~~~~~~~
..\Passenger.c:677:6: warning: unused variable 'validacion' [-Wunused-variable]
  677 |  int validacion;
      |      ^~~~~~~~~~
11:20:35 **** Incremental Build of configuration Debug for project TP_3 ****
Info: Internal Builder is used for build
gcc -O0 -g3 -Wall -c -fmessage-length=0 -o Passenger.o "..\\Passenger.c" 
gcc -O0 -g3 -Wall -c -fmessage-length=0 -o main.o "..\\main.c" 
gcc -O0 -g3 -Wall -c -fmessage-length=0 -o parser.o "..\\parser.c" 
gcc "-LD:\\OneDrive\\Escritorio\\TP_LABORATORIO_1\\TP_3" -o TP_3.exe Controller.o Passenger.o input.o main.o parser.o -lLinkedList 
11:30:25 **** Incremental Build of configuration Debug for project TP_3 ****
Info: Internal Builder is used for build
gcc -O0 -g3 -Wall -c -fmessage-length=0 -o Passenger.o "..\\Passenger.c" 
..\Passenger.c: In function 'Passenger_modificarCodigoVuelo':
..\Passenger.c:720:8: warning: passing argument 1 of 'gets' makes pointer from integer without a cast [-Wint-conversion]
  720 |   gets(auxCodigoVuelo);
      |        ^~~~~~~~~~~~~~
      |        |
      |        int
In file included from ..\Passenger.c:7:
c:\mingw\include\stdio.h:709:41: note: expected 'char *' but argument is of type 'int'
  709 | _CRTIMP __cdecl __MINGW_NOTHROW  char * gets (char *);
      |                                         ^~~~
..\Passenger.c:721:11: warning: passing argument 1 of 'toMayus' makes pointer from integer without a cast [-Wint-conversion]
  721 |   toMayus(auxCodigoVuelo);
      |           ^~~~~~~~~~~~~~
      |           |
      |           int
In file included from ..\Passenger.c:12:
..\input.h:39:20: note: expected 'char *' but argument is of type 'int'
   39 | int toMayus (char* string);
      |              ~~~~~~^~~~~~
..\Passenger.c:723:17: warning: passing argument 1 of 'strlen' makes pointer from integer without a cast [-Wint-conversion]
  723 |   while (strlen(auxCodigoVuelo) != 7)
      |                 ^~~~~~~~~~~~~~
      |                 |
      |                 int
In file included from ..\Passenger.h:13,
                 from ..\Passenger.c:10:
c:\mingw\include\string.h:83:49: note: expected 'const char *' but argument is of type 'int'
   83 | _CRTIMP __cdecl __MINGW_NOTHROW  size_t strlen (const char *) __MINGW_ATTRIB_PURE;
      |                                                 ^~~~~~~~~~~~
..\Passenger.c:728:9: warning: passing argument 1 of 'gets' makes pointer from integer without a cast [-Wint-conversion]
  728 |    gets(auxCodigoVuelo);
      |         ^~~~~~~~~~~~~~
      |         |
      |         int
In file included from ..\Passenger.c:7:
c:\mingw\include\stdio.h:709:41: note: expected 'char *' but argument is of type 'int'
  709 | _CRTIMP __cdecl __MINGW_NOTHROW  char * gets (char *);
      |                                         ^~~~
..\Passenger.c:729:12: warning: passing argument 1 of 'toMayus' makes pointer from integer without a cast [-Wint-conversion]
  729 |    toMayus(auxCodigoVuelo);
      |            ^~~~~~~~~~~~~~
      |            |
      |            int
In file included from ..\Passenger.c:12:
..\input.h:39:20: note: expected 'char *' but argument is of type 'int'
   39 | int toMayus (char* string);
      |              ~~~~~~^~~~~~
..\Passenger.c:736:35: warning: passing argument 2 of 'Passenger_setCodigoVuelo' makes pointer from integer without a cast [-Wint-conversion]
  736 |    Passenger_setCodigoVuelo(this, auxCodigoVuelo);
      |                                   ^~~~~~~~~~~~~~
      |                                   |
      |                                   int
..\Passenger.c:167:52: note: expected 'char *' but argument is of type 'int'
  167 | int Passenger_setCodigoVuelo(Passenger* this,char* codigoVuelo)
      |                                              ~~~~~~^~~~~~~~~~~
..\Passenger.c: In function 'Passenger_modificarTipoPasajero':
..\Passenger.c:772:4: warning: implicit declaration of function 'Passenger_setCodigoTipoPasajero'; did you mean 'Passenger_setTipoPasajero'? [-Wimplicit-function-declaration]
  772 |    Passenger_setCodigoTipoPasajero(this, auxTipoPasajero);
      |    ^~~~~~~~~~~~~~~~~~~~~~~~~~~~~~~
      |    Passenger_setTipoPasajero
..\Passenger.c: In function 'Passenger_modificarCodigoVuelo':
..\Passenger.c:720:3: warning: 'auxCodigoVuelo' may be used uninitialized in this function [-Wmaybe-uninitialized]
  720 |   gets(auxCodigoVuelo);
      |   ^~~~~~~~~~~~~~~~~~~~
gcc -O0 -g3 -Wall -c -fmessage-length=0 -o Controller.o "..\\Controller.c" 
gcc -O0 -g3 -Wall -c -fmessage-length=0 -o parser.o "..\\parser.c" 
gcc -O0 -g3 -Wall -c -fmessage-length=0 -o main.o "..\\main.c" 
gcc "-LD:\\OneDrive\\Escritorio\\TP_LABORATORIO_1\\TP_3" -o TP_3.exe Controller.o Passenger.o input.o main.o parser.o -lLinkedList 
c:/mingw/bin/../lib/gcc/mingw32/9.2.0/../../../../mingw32/bin/ld.exe: Passenger.o: in function `Passenger_modificarTipoPasajero':
D:\OneDrive\Escritorio\TP_LABORATORIO_1\TP_3\Debug/../Passenger.c:772: undefined reference to `Passenger_setCodigoTipoPasajero'
collect2.exe: error: ld returned 1 exit status
11:30:58 **** Incremental Build of configuration Debug for project TP_3 ****
Info: Internal Builder is used for build
gcc -O0 -g3 -Wall -c -fmessage-length=0 -o Passenger.o "..\\Passenger.c" 
..\Passenger.c: In function 'Passenger_modificarTipoPasajero':
..\Passenger.c:772:4: warning: implicit declaration of function 'Passenger_setCodigoTipoPasajero'; did you mean 'Passenger_setTipoPasajero'? [-Wimplicit-function-declaration]
  772 |    Passenger_setCodigoTipoPasajero(this, auxTipoPasajero);
      |    ^~~~~~~~~~~~~~~~~~~~~~~~~~~~~~~
      |    Passenger_setTipoPasajero
gcc "-LD:\\OneDrive\\Escritorio\\TP_LABORATORIO_1\\TP_3" -o TP_3.exe Controller.o Passenger.o input.o main.o parser.o -lLinkedList 
c:/mingw/bin/../lib/gcc/mingw32/9.2.0/../../../../mingw32/bin/ld.exe: Passenger.o: in function `Passenger_modificarTipoPasajero':
D:\OneDrive\Escritorio\TP_LABORATORIO_1\TP_3\Debug/../Passenger.c:772: undefined reference to `Passenger_setCodigoTipoPasajero'
collect2.exe: error: ld returned 1 exit status
11:31:40 **** Incremental Build of configuration Debug for project TP_3 ****
Info: Internal Builder is used for build
gcc -O0 -g3 -Wall -c -fmessage-length=0 -o Passenger.o "..\\Passenger.c" 
gcc "-LD:\\OneDrive\\Escritorio\\TP_LABORATORIO_1\\TP_3" -o TP_3.exe Controller.o Passenger.o input.o main.o parser.o -lLinkedList 
11:46:15 **** Incremental Build of configuration Debug for project TP_3 ****
Info: Internal Builder is used for build
gcc -O0 -g3 -Wall -c -fmessage-length=0 -o Passenger.o "..\\Passenger.c" 
gcc -O0 -g3 -Wall -c -fmessage-length=0 -o Controller.o "..\\Controller.c" 
gcc -O0 -g3 -Wall -c -fmessage-length=0 -o main.o "..\\main.c" 
gcc -O0 -g3 -Wall -c -fmessage-length=0 -o parser.o "..\\parser.c" 
gcc "-LD:\\OneDrive\\Escritorio\\TP_LABORATORIO_1\\TP_3" -o TP_3.exe Controller.o Passenger.o input.o main.o parser.o -lLinkedList 
11:49:50 **** Incremental Build of configuration Debug for project TP_3 ****
Info: Internal Builder is used for build
gcc -O0 -g3 -Wall -c -fmessage-length=0 -o Controller.o "..\\Controller.c" 
gcc -O0 -g3 -Wall -c -fmessage-length=0 -o Passenger.o "..\\Passenger.c" 
gcc "-LD:\\OneDrive\\Escritorio\\TP_LABORATORIO_1\\TP_3" -o TP_3.exe Controller.o Passenger.o input.o main.o parser.o -lLinkedList 
11:52:07 **** Incremental Build of configuration Debug for project TP_3 ****
Info: Internal Builder is used for build
gcc -O0 -g3 -Wall -c -fmessage-length=0 -o Controller.o "..\\Controller.c" 
gcc "-LD:\\OneDrive\\Escritorio\\TP_LABORATORIO_1\\TP_3" -o TP_3.exe Controller.o Passenger.o input.o main.o parser.o -lLinkedList 
Info: Nothing to build for TP_3
12:09:33 **** Incremental Build of configuration Debug for project TP_3 ****
Info: Internal Builder is used for build
gcc -O0 -g3 -Wall -c -fmessage-length=0 -o Controller.o "..\\Controller.c" 
..\Controller.c: In function 'controller_removePassenger':
..\Controller.c:362:45: error: expected ';' before '}' token
  362 |   printf("|| --- [PASAJERO BORRADO] --- ||")
      |                                             ^
      |                                             ;
  363 |  }
      |  ~                                           
12:10:03 **** Incremental Build of configuration Debug for project TP_3 ****
Info: Internal Builder is used for build
gcc -O0 -g3 -Wall -c -fmessage-length=0 -o Controller.o "..\\Controller.c" 
..\Controller.c: In function 'controller_removePassenger':
..\Controller.c:365:12: warning: 'validacion' is used uninitialized in this function [-Wuninitialized]
  365 |     return validacion;
      |            ^~~~~~~~~~
gcc -O0 -g3 -Wall -c -fmessage-length=0 -o main.o "..\\main.c" 
gcc "-LD:\\OneDrive\\Escritorio\\TP_LABORATORIO_1\\TP_3" -o TP_3.exe Controller.o Passenger.o input.o main.o parser.o -lLinkedList 
12:14:08 **** Incremental Build of configuration Debug for project TP_3 ****
Info: Internal Builder is used for build
gcc -O0 -g3 -Wall -c -fmessage-length=0 -o main.o "..\\main.c" 
gcc "-LD:\\OneDrive\\Escritorio\\TP_LABORATORIO_1\\TP_3" -o TP_3.exe Controller.o Passenger.o input.o main.o parser.o -lLinkedList 
12:15:06 **** Incremental Build of configuration Debug for project TP_3 ****
Info: Internal Builder is used for build
gcc -O0 -g3 -Wall -c -fmessage-length=0 -o main.o "..\\main.c" 
gcc "-LD:\\OneDrive\\Escritorio\\TP_LABORATORIO_1\\TP_3" -o TP_3.exe Controller.o Passenger.o input.o main.o parser.o -lLinkedList 
12:22:40 **** Incremental Build of configuration Debug for project TP_3 ****
Info: Internal Builder is used for build
gcc -O0 -g3 -Wall -c -fmessage-length=0 -o main.o "..\\main.c" 
gcc -O0 -g3 -Wall -c -fmessage-length=0 -o parser.o "..\\parser.c" 
gcc -O0 -g3 -Wall -c -fmessage-length=0 -o Controller.o "..\\Controller.c" 
..\Controller.c: In function 'controller_sortPassenger':
..\Controller.c:423:5: warning: implicit declaration of function 'main' [-Wimplicit-function-declaration]
  423 |     main();
      |     ^~~~
..\Controller.c: In function 'controller_removePassenger':
..\Controller.c:365:12: warning: 'validacion' is used uninitialized in this function [-Wuninitialized]
  365 |     return validacion;
      |            ^~~~~~~~~~
gcc -O0 -g3 -Wall -c -fmessage-length=0 -o Passenger.o "..\\Passenger.c" 
..\Passenger.c: In function 'Passenger_compareById':
..\Passenger.c:557:22: warning: 'auxIdUno' is used uninitialized in this function [-Wuninitialized]
  557 |  precioPasajeroUno = (Passenger*) auxIdUno;
      |                      ^~~~~~~~~~~~~~~~~~~~~
..\Passenger.c:558:22: warning: 'auxIdDos' is used uninitialized in this function [-Wuninitialized]
  558 |  precioPasajeroDos = (Passenger*) auxIdDos;
      |                      ^~~~~~~~~~~~~~~~~~~~~
gcc "-LD:\\OneDrive\\Escritorio\\TP_LABORATORIO_1\\TP_3" -o TP_3.exe Controller.o Passenger.o input.o main.o parser.o -lLinkedList 
12:28:12 **** Incremental Build of configuration Debug for project TP_3 ****
Info: Internal Builder is used for build
gcc -O0 -g3 -Wall -c -fmessage-length=0 -o Controller.o "..\\Controller.c" 
..\Controller.c: In function 'controller_sortPassenger':
..\Controller.c:489:1: error: expected declaration or statement at end of input
  489 | }
      | ^
..\Controller.c:489:1: warning: control reaches end of non-void function [-Wreturn-type]
  489 | }
      | ^
At top level:
..\Controller.c:471:5: warning: 'controller_saveAsBinary' defined but not used [-Wunused-function]
  471 | int controller_saveAsBinary(char* path , LinkedList* pArrayListPassenger)
      |     ^~~~~~~~~~~~~~~~~~~~~~~
..\Controller.c:444:5: warning: 'controller_saveAsText' defined but not used [-Wunused-function]
  444 | int controller_saveAsText(char* path , LinkedList* pArrayListPassenger)
      |     ^~~~~~~~~~~~~~~~~~~~~
12:29:25 **** Incremental Build of configuration Debug for project TP_3 ****
Info: Internal Builder is used for build
gcc -O0 -g3 -Wall -c -fmessage-length=0 -o Controller.o "..\\Controller.c" 
gcc "-LD:\\OneDrive\\Escritorio\\TP_LABORATORIO_1\\TP_3" -o TP_3.exe Controller.o Passenger.o input.o main.o parser.o -lLinkedList 
Info: Nothing to build for TP_3
12:36:59 **** Incremental Build of configuration Debug for project TP_3 ****
Info: Internal Builder is used for build
gcc -O0 -g3 -Wall -c -fmessage-length=0 -o Passenger.o "..\\Passenger.c" 
..\Passenger.c: In function 'Passenger_compareById':
..\Passenger.c:557:18: warning: 'auxIdUno' is used uninitialized in this function [-Wuninitialized]
  557 |  idPasajeroUno = (Passenger*) auxIdUno;
      |                  ^~~~~~~~~~~~~~~~~~~~~
..\Passenger.c:558:18: warning: 'auxIdDos' is used uninitialized in this function [-Wuninitialized]
  558 |  idPasajeroDos = (Passenger*) auxIdDos;
      |                  ^~~~~~~~~~~~~~~~~~~~~
gcc "-LD:\\OneDrive\\Escritorio\\TP_LABORATORIO_1\\TP_3" -o TP_3.exe Controller.o Passenger.o input.o main.o parser.o -lLinkedList 
Info: Nothing to build for TP_3
12:38:08 **** Incremental Build of configuration Debug for project TP_3 ****
Info: Internal Builder is used for build
gcc -O0 -g3 -Wall -c -fmessage-length=0 -o Passenger.o "..\\Passenger.c" 
gcc "-LD:\\OneDrive\\Escritorio\\TP_LABORATORIO_1\\TP_3" -o TP_3.exe Controller.o Passenger.o input.o main.o parser.o -lLinkedList 
12:41:40 **** Incremental Build of configuration Debug for project TP_3 ****
Info: Internal Builder is used for build
gcc -O0 -g3 -Wall -c -fmessage-length=0 -o Controller.o "..\\Controller.c" 
gcc "-LD:\\OneDrive\\Escritorio\\TP_LABORATORIO_1\\TP_3" -o TP_3.exe Controller.o Passenger.o input.o main.o parser.o -lLinkedList 
12:47:53 **** Incremental Build of configuration Debug for project TP_3 ****
Info: Internal Builder is used for build
gcc -O0 -g3 -Wall -c -fmessage-length=0 -o Controller.o "..\\Controller.c" 
gcc -O0 -g3 -Wall -c -fmessage-length=0 -o main.o "..\\main.c" 
..\main.c: In function 'main':
..\main.c:62:15: error: 'listaPasajero' undeclared (first use in this function); did you mean 'listaPasajeros'?
   62 |       ll_sort(listaPasajero, Passenger_compareById, 1);
      |               ^~~~~~~~~~~~~
      |               listaPasajeros
..\main.c:62:15: note: each undeclared identifier is reported only once for each function it appears in
12:48:11 **** Incremental Build of configuration Debug for project TP_3 ****
Info: Internal Builder is used for build
gcc -O0 -g3 -Wall -c -fmessage-length=0 -o main.o "..\\main.c" 
gcc "-LD:\\OneDrive\\Escritorio\\TP_LABORATORIO_1\\TP_3" -o TP_3.exe Controller.o Passenger.o input.o main.o parser.o -lLinkedList 
13:31:16 **** Incremental Build of configuration Debug for project TP_3 ****
Info: Internal Builder is used for build
gcc -O0 -g3 -Wall -c -fmessage-length=0 -o main.o "..\\main.c" 
c:\mingw\include\strings.h: In function 'controller_addPassenger':
c:\mingw\include\strings.h:80:9: error: expected declaration specifiers before '__attribute__'
   80 | _CRTIMP __cdecl __MINGW_NOTHROW  int _stricmp( const char *, const char * );
      |         ^~~~~~~
c:\mingw\include\strings.h:81:9: error: expected declaration specifiers before '__attribute__'
   81 | _CRTIMP __cdecl __MINGW_NOTHROW  int _strnicmp( const char *, const char *, size_t );
      |         ^~~~~~~
c:\mingw\include\string.h:70:9: error: expected declaration specifiers before '__attribute__'
   70 | _CRTIMP __cdecl __MINGW_NOTHROW  void *memchr (const void *, int, size_t) __MINGW_ATTRIB_PURE;
      |         ^~~~~~~
c:\mingw\include\string.h:71:9: error: expected declaration specifiers before '__attribute__'
   71 | _CRTIMP __cdecl __MINGW_NOTHROW  int memcmp (const void *, const void *, size_t) __MINGW_ATTRIB_PURE;
      |         ^~~~~~~
c:\mingw\include\string.h:72:9: error: expected declaration specifiers before '__attribute__'
   72 | _CRTIMP __cdecl __MINGW_NOTHROW  void *memcpy (void *, const void *, size_t);
      |         ^~~~~~~
c:\mingw\include\string.h:73:9: error: expected declaration specifiers before '__attribute__'
   73 | _CRTIMP __cdecl __MINGW_NOTHROW  void *memmove (void *, const void *, size_t);
      |         ^~~~~~~
c:\mingw\include\string.h:74:9: error: expected declaration specifiers before '__attribute__'
   74 | _CRTIMP __cdecl __MINGW_NOTHROW  void *memset (void *, int, size_t);
      |         ^~~~~~~
c:\mingw\include\string.h:75:9: error: expected declaration specifiers before '__attribute__'
   75 | _CRTIMP __cdecl __MINGW_NOTHROW  char *strcat (char *, const char *);
      |         ^~~~~~~
c:\mingw\include\string.h:76:9: error: expected declaration specifiers before '__attribute__'
   76 | _CRTIMP __cdecl __MINGW_NOTHROW  char *strchr (const char *, int) __MINGW_ATTRIB_PURE;
      |         ^~~~~~~
c:\mingw\include\string.h:77:9: error: expected declaration specifiers before '__attribute__'
   77 | _CRTIMP __cdecl __MINGW_NOTHROW  int strcmp (const char *, const char *) __MINGW_ATTRIB_PURE;
      |         ^~~~~~~
c:\mingw\include\string.h:78:9: error: expected declaration specifiers before '__attribute__'
   78 | _CRTIMP __cdecl __MINGW_NOTHROW  int strcoll (const char *, const char *); /* Compare using locale */
      |         ^~~~~~~
c:\mingw\include\string.h:79:9: error: expected declaration specifiers before '__attribute__'
   79 | _CRTIMP __cdecl __MINGW_NOTHROW  char *strcpy (char *, const char *);
      |         ^~~~~~~
c:\mingw\include\string.h:80:9: error: expected declaration specifiers before '__attribute__'
   80 | _CRTIMP __cdecl __MINGW_NOTHROW  size_t strcspn (const char *, const char *) __MINGW_ATTRIB_PURE;
      |         ^~~~~~~
c:\mingw\include\string.h:81:9: error: expected declaration specifiers before '__attribute__'
   81 | _CRTIMP __cdecl __MINGW_NOTHROW  char *strerror (int); /* NOTE: NOT an old name wrapper. */
      |         ^~~~~~~
c:\mingw\include\string.h:83:9: error: expected declaration specifiers before '__attribute__'
   83 | _CRTIMP __cdecl __MINGW_NOTHROW  size_t strlen (const char *) __MINGW_ATTRIB_PURE;
      |         ^~~~~~~
c:\mingw\include\string.h:84:9: error: expected declaration specifiers before '__attribute__'
   84 | _CRTIMP __cdecl __MINGW_NOTHROW  char *strncat (char *, const char *, size_t);
      |         ^~~~~~~
c:\mingw\include\string.h:85:9: error: expected declaration specifiers before '__attribute__'
   85 | _CRTIMP __cdecl __MINGW_NOTHROW  int strncmp (const char *, const char *, size_t) __MINGW_ATTRIB_PURE;
      |         ^~~~~~~
c:\mingw\include\string.h:86:9: error: expected declaration specifiers before '__attribute__'
   86 | _CRTIMP __cdecl __MINGW_NOTHROW  char *strncpy (char *, const char *, size_t);
      |         ^~~~~~~
c:\mingw\include\string.h:87:9: error: expected declaration specifiers before '__attribute__'
   87 | _CRTIMP __cdecl __MINGW_NOTHROW  char *strpbrk (const char *, const char *) __MINGW_ATTRIB_PURE;
      |         ^~~~~~~
c:\mingw\include\string.h:88:9: error: expected declaration specifiers before '__attribute__'
   88 | _CRTIMP __cdecl __MINGW_NOTHROW  char *strrchr (const char *, int) __MINGW_ATTRIB_PURE;
      |         ^~~~~~~
c:\mingw\include\string.h:89:9: error: expected declaration specifiers before '__attribute__'
   89 | _CRTIMP __cdecl __MINGW_NOTHROW  size_t strspn (const char *, const char *) __MINGW_ATTRIB_PURE;
      |         ^~~~~~~
c:\mingw\include\string.h:90:9: error: expected declaration specifiers before '__attribute__'
   90 | _CRTIMP __cdecl __MINGW_NOTHROW  char *strstr (const char *, const char *) __MINGW_ATTRIB_PURE;
      |         ^~~~~~~
c:\mingw\include\string.h:91:9: error: expected declaration specifiers before '__attribute__'
   91 | _CRTIMP __cdecl __MINGW_NOTHROW  char *strtok (char *, const char *);
      |         ^~~~~~~
c:\mingw\include\string.h:92:9: error: expected declaration specifiers before '__attribute__'
   92 | _CRTIMP __cdecl __MINGW_NOTHROW  size_t strxfrm (char *, const char *, size_t);
      |         ^~~~~~~
c:\mingw\include\string.h:97:9: error: expected declaration specifiers before '__attribute__'
   97 | _CRTIMP __cdecl __MINGW_NOTHROW  char *_strerror (const char *);
      |         ^~~~~~~
c:\mingw\include\string.h:98:9: error: expected declaration specifiers before '__attribute__'
   98 | _CRTIMP __cdecl __MINGW_NOTHROW  void *_memccpy (void *, const void *, int, size_t);
      |         ^~~~~~~
c:\mingw\include\string.h:99:9: error: expected declaration specifiers before '__attribute__'
   99 | _CRTIMP __cdecl __MINGW_NOTHROW  int _memicmp (const void *, const void *, size_t);
      |         ^~~~~~~
c:\mingw\include\string.h:100:9: error: expected declaration specifiers before '__attribute__'
  100 | _CRTIMP __cdecl __MINGW_NOTHROW  char *_strdup (const char *) __MINGW_ATTRIB_MALLOC;
      |         ^~~~~~~
c:\mingw\include\string.h:101:9: error: expected declaration specifiers before '__attribute__'
  101 | _CRTIMP __cdecl __MINGW_NOTHROW  int _strcmpi (const char *, const char *);
      |         ^~~~~~~
c:\mingw\include\string.h:102:9: error: expected declaration specifiers before '__attribute__'
  102 | _CRTIMP __cdecl __MINGW_NOTHROW  int _stricoll (const char *, const char *);
      |         ^~~~~~~
c:\mingw\include\string.h:103:9: error: expected declaration specifiers before '__attribute__'
  103 | _CRTIMP __cdecl __MINGW_NOTHROW  char *_strlwr (char *);
      |         ^~~~~~~
c:\mingw\include\string.h:104:9: error: expected declaration specifiers before '__attribute__'
  104 | _CRTIMP __cdecl __MINGW_NOTHROW  char *_strnset (char *, int, size_t);
      |         ^~~~~~~
c:\mingw\include\string.h:105:9: error: expected declaration specifiers before '__attribute__'
  105 | _CRTIMP __cdecl __MINGW_NOTHROW  char *_strrev (char *);
      |         ^~~~~~~
c:\mingw\include\string.h:106:9: error: expected declaration specifiers before '__attribute__'
  106 | _CRTIMP __cdecl __MINGW_NOTHROW  char *_strset (char *, int);
      |         ^~~~~~~
c:\mingw\include\string.h:107:9: error: expected declaration specifiers before '__attribute__'
  107 | _CRTIMP __cdecl __MINGW_NOTHROW  char *_strupr (char *);
      |         ^~~~~~~
c:\mingw\include\string.h:108:9: error: expected declaration specifiers before '__attribute__'
  108 | _CRTIMP __cdecl __MINGW_NOTHROW  void _swab (const char *, char *, size_t);
      |         ^~~~~~~
c:\mingw\include\string.h:126:9: error: expected declaration specifiers before '__attribute__'
  126 | _CRTIMP __cdecl __MINGW_NOTHROW  int _strncoll(const char *, const char *, size_t);
      |         ^~~~~~~
c:\mingw\include\string.h:127:9: error: expected declaration specifiers before '__attribute__'
  127 | _CRTIMP __cdecl __MINGW_NOTHROW  int _strnicoll(const char *, const char *, size_t);
      |         ^~~~~~~
c:\mingw\include\string.h:134:9: error: expected declaration specifiers before '__attribute__'
  134 | _CRTIMP __cdecl __MINGW_NOTHROW  void *memccpy (void *, const void *, int, size_t);
      |         ^~~~~~~
c:\mingw\include\string.h:135:9: error: expected declaration specifiers before '__attribute__'
  135 | _CRTIMP __cdecl __MINGW_NOTHROW  int memicmp (const void *, const void *, size_t);
      |         ^~~~~~~
c:\mingw\include\string.h:136:9: error: expected declaration specifiers before '__attribute__'
  136 | _CRTIMP __cdecl __MINGW_NOTHROW  char *strdup (const char *) __MINGW_ATTRIB_MALLOC;
      |         ^~~~~~~
c:\mingw\include\string.h:137:9: error: expected declaration specifiers before '__attribute__'
  137 | _CRTIMP __cdecl __MINGW_NOTHROW  int strcmpi (const char *, const char *);
      |         ^~~~~~~
c:\mingw\include\string.h:138:9: error: expected declaration specifiers before '__attribute__'
  138 | _CRTIMP __cdecl __MINGW_NOTHROW  int stricmp (const char *, const char *);
      |         ^~~~~~~
c:\mingw\include\string.h:139:9: error: expected declaration specifiers before '__attribute__'
  139 | _CRTIMP __cdecl __MINGW_NOTHROW  int stricoll (const char *, const char *);
      |         ^~~~~~~
c:\mingw\include\string.h:140:9: error: expected declaration specifiers before '__attribute__'
  140 | _CRTIMP __cdecl __MINGW_NOTHROW  char *strlwr (char *);
      |         ^~~~~~~
c:\mingw\include\string.h:141:9: error: expected declaration specifiers before '__attribute__'
  141 | _CRTIMP __cdecl __MINGW_NOTHROW  int strnicmp (const char *, const char *, size_t);
      |         ^~~~~~~
c:\mingw\include\string.h:142:9: error: expected declaration specifiers before '__attribute__'
  142 | _CRTIMP __cdecl __MINGW_NOTHROW  char *strnset (char *, int, size_t);
      |         ^~~~~~~
c:\mingw\include\string.h:143:9: error: expected declaration specifiers before '__attribute__'
  143 | _CRTIMP __cdecl __MINGW_NOTHROW  char *strrev (char *);
      |         ^~~~~~~
c:\mingw\include\string.h:144:9: error: expected declaration specifiers before '__attribute__'
  144 | _CRTIMP __cdecl __MINGW_NOTHROW  char *strset (char *, int);
      |         ^~~~~~~
c:\mingw\include\string.h:145:9: error: expected declaration specifiers before '__attribute__'
  145 | _CRTIMP __cdecl __MINGW_NOTHROW  char *strupr (char *);
      |         ^~~~~~~
c:\mingw\include\string.h:151:9: error: expected declaration specifiers before '__attribute__'
  151 | _CRTIMP __cdecl __MINGW_NOTHROW  void swab (const char *, char *, size_t);
      |         ^~~~~~~
c:\mingw\include\wchar.h:410:9: error: expected declaration specifiers before '__attribute__'
  410 | _CRTIMP __cdecl __MINGW_NOTHROW  wchar_t *wcscat (wchar_t *, const wchar_t *);
      |         ^~~~~~~
c:\mingw\include\wchar.h:411:9: error: expected declaration specifiers before '__attribute__'
  411 | _CRTIMP __cdecl __MINGW_NOTHROW  wchar_t *wcschr (const wchar_t *, wchar_t);
      |         ^~~~~~~
c:\mingw\include\wchar.h:412:9: error: expected declaration specifiers before '__attribute__'
  412 | _CRTIMP __cdecl __MINGW_NOTHROW  int wcscmp (const wchar_t *, const wchar_t *);
      |         ^~~~~~~
c:\mingw\include\wchar.h:413:9: error: expected declaration specifiers before '__attribute__'
  413 | _CRTIMP __cdecl __MINGW_NOTHROW  int wcscoll (const wchar_t *, const wchar_t *);
      |         ^~~~~~~
c:\mingw\include\wchar.h:414:9: error: expected declaration specifiers before '__attribute__'
  414 | _CRTIMP __cdecl __MINGW_NOTHROW  wchar_t *wcscpy (wchar_t *, const wchar_t *);
      |         ^~~~~~~
c:\mingw\include\wchar.h:415:9: error: expected declaration specifiers before '__attribute__'
  415 | _CRTIMP __cdecl __MINGW_NOTHROW  size_t wcscspn (const wchar_t *, const wchar_t *);
      |         ^~~~~~~
c:\mingw\include\wchar.h:416:9: error: expected declaration specifiers before '__attribute__'
  416 | _CRTIMP __cdecl __MINGW_NOTHROW  size_t wcslen (const wchar_t *);
      |         ^~~~~~~
c:\mingw\include\wchar.h:417:9: error: expected declaration specifiers before '__attribute__'
  417 | _CRTIMP __cdecl __MINGW_NOTHROW  wchar_t *wcsncat (wchar_t *, const wchar_t *, size_t);
      |         ^~~~~~~
c:\mingw\include\wchar.h:418:9: error: expected declaration specifiers before '__attribute__'
  418 | _CRTIMP __cdecl __MINGW_NOTHROW  int wcsncmp (const wchar_t *, const wchar_t *, size_t);
      |         ^~~~~~~
c:\mingw\include\wchar.h:419:9: error: expected declaration specifiers before '__attribute__'
  419 | _CRTIMP __cdecl __MINGW_NOTHROW  wchar_t *wcsncpy (wchar_t *, const wchar_t *, size_t);
      |         ^~~~~~~
c:\mingw\include\wchar.h:420:9: error: expected declaration specifiers before '__attribute__'
  420 | _CRTIMP __cdecl __MINGW_NOTHROW  wchar_t *wcspbrk (const wchar_t *, const wchar_t *);
      |         ^~~~~~~
c:\mingw\include\wchar.h:421:9: error: expected declaration specifiers before '__attribute__'
  421 | _CRTIMP __cdecl __MINGW_NOTHROW  wchar_t *wcsrchr (const wchar_t *, wchar_t);
      |         ^~~~~~~
c:\mingw\include\wchar.h:422:9: error: expected declaration specifiers before '__attribute__'
  422 | _CRTIMP __cdecl __MINGW_NOTHROW  size_t wcsspn (const wchar_t *, const wchar_t *);
      |         ^~~~~~~
c:\mingw\include\wchar.h:423:9: error: expected declaration specifiers before '__attribute__'
  423 | _CRTIMP __cdecl __MINGW_NOTHROW  wchar_t *wcsstr (const wchar_t *, const wchar_t *);
      |         ^~~~~~~
c:\mingw\include\wchar.h:424:9: error: expected declaration specifiers before '__attribute__'
  424 | _CRTIMP __cdecl __MINGW_NOTHROW  wchar_t *wcstok (wchar_t *, const wchar_t *);
      |         ^~~~~~~
c:\mingw\include\wchar.h:425:9: error: expected declaration specifiers before '__attribute__'
  425 | _CRTIMP __cdecl __MINGW_NOTHROW  size_t wcsxfrm (wchar_t *, const wchar_t *, size_t);
      |         ^~~~~~~
c:\mingw\include\wchar.h:430:9: error: expected declaration specifiers before '__attribute__'
  430 | _CRTIMP __cdecl __MINGW_NOTHROW  wchar_t *_wcsdup (const wchar_t *);
      |         ^~~~~~~
c:\mingw\include\wchar.h:431:9: error: expected declaration specifiers before '__attribute__'
  431 | _CRTIMP __cdecl __MINGW_NOTHROW  int _wcsicmp (const wchar_t *, const wchar_t *);
      |         ^~~~~~~
c:\mingw\include\wchar.h:432:9: error: expected declaration specifiers before '__attribute__'
  432 | _CRTIMP __cdecl __MINGW_NOTHROW  int _wcsicoll (const wchar_t *, const wchar_t *);
      |         ^~~~~~~
c:\mingw\include\wchar.h:433:9: error: expected declaration specifiers before '__attribute__'
  433 | _CRTIMP __cdecl __MINGW_NOTHROW  wchar_t *_wcslwr (wchar_t*);
      |         ^~~~~~~
c:\mingw\include\wchar.h:434:9: error: expected declaration specifiers before '__attribute__'
  434 | _CRTIMP __cdecl __MINGW_NOTHROW  int _wcsnicmp (const wchar_t *, const wchar_t *, size_t);
      |         ^~~~~~~
c:\mingw\include\wchar.h:435:9: error: expected declaration specifiers before '__attribute__'
  435 | _CRTIMP __cdecl __MINGW_NOTHROW  wchar_t *_wcsnset (wchar_t *, wchar_t, size_t);
      |         ^~~~~~~
c:\mingw\include\wchar.h:436:9: error: expected declaration specifiers before '__attribute__'
  436 | _CRTIMP __cdecl __MINGW_NOTHROW  wchar_t *_wcsrev (wchar_t *);
      |         ^~~~~~~
c:\mingw\include\wchar.h:437:9: error: expected declaration specifiers before '__attribute__'
  437 | _CRTIMP __cdecl __MINGW_NOTHROW  wchar_t *_wcsset (wchar_t *, wchar_t);
      |         ^~~~~~~
c:\mingw\include\wchar.h:438:9: error: expected declaration specifiers before '__attribute__'
  438 | _CRTIMP __cdecl __MINGW_NOTHROW  wchar_t *_wcsupr (wchar_t *);
      |         ^~~~~~~
c:\mingw\include\wchar.h:441:9: error: expected declaration specifiers before '__attribute__'
  441 | _CRTIMP __cdecl __MINGW_NOTHROW  int _wcsncoll (const wchar_t *, const wchar_t *, size_t);
      |         ^~~~~~~
c:\mingw\include\wchar.h:442:9: error: expected declaration specifiers before '__attribute__'
  442 | _CRTIMP __cdecl __MINGW_NOTHROW  int _wcsnicoll (const wchar_t *, const wchar_t *, size_t);
      |         ^~~~~~~
c:\mingw\include\wchar.h:475:9: error: expected declaration specifiers before '__attribute__'
  475 | _CRTIMP __cdecl __MINGW_NOTHROW  wchar_t *wcsdup (const wchar_t *);
      |         ^~~~~~~
c:\mingw\include\wchar.h:476:9: error: expected declaration specifiers before '__attribute__'
  476 | _CRTIMP __cdecl __MINGW_NOTHROW  int wcsicmp (const wchar_t *, const wchar_t *);
      |         ^~~~~~~
c:\mingw\include\wchar.h:477:9: error: expected declaration specifiers before '__attribute__'
  477 | _CRTIMP __cdecl __MINGW_NOTHROW  int wcsicoll (const wchar_t *, const wchar_t *);
      |         ^~~~~~~
c:\mingw\include\wchar.h:478:9: error: expected declaration specifiers before '__attribute__'
  478 | _CRTIMP __cdecl __MINGW_NOTHROW  wchar_t *wcslwr (wchar_t *);
      |         ^~~~~~~
c:\mingw\include\wchar.h:479:9: error: expected declaration specifiers before '__attribute__'
  479 | _CRTIMP __cdecl __MINGW_NOTHROW  int wcsnicmp (const wchar_t *, const wchar_t *, size_t);
      |         ^~~~~~~
c:\mingw\include\wchar.h:480:9: error: expected declaration specifiers before '__attribute__'
  480 | _CRTIMP __cdecl __MINGW_NOTHROW  wchar_t *wcsnset (wchar_t *, wchar_t, size_t);
      |         ^~~~~~~
c:\mingw\include\wchar.h:481:9: error: expected declaration specifiers before '__attribute__'
  481 | _CRTIMP __cdecl __MINGW_NOTHROW  wchar_t *wcsrev (wchar_t *);
      |         ^~~~~~~
c:\mingw\include\wchar.h:482:9: error: expected declaration specifiers before '__attribute__'
  482 | _CRTIMP __cdecl __MINGW_NOTHROW  wchar_t *wcsset (wchar_t *, wchar_t);
      |         ^~~~~~~
c:\mingw\include\wchar.h:483:9: error: expected declaration specifiers before '__attribute__'
  483 | _CRTIMP __cdecl __MINGW_NOTHROW  wchar_t *wcsupr (wchar_t *);
      |         ^~~~~~~
In file included from c:\mingw\include\string.h:170,
                 from ..\Passenger.h:13,
                 from ..\main.c:5:
c:\mingw\include\wchar.h:509:15: error: storage class specified for parameter '__mingw_wcsnlen'
  509 | extern size_t __mingw_wcsnlen (const wchar_t *, size_t);
      |               ^~~~~~~~~~~~~~~
c:\mingw\include\wchar.h:513:1: error: expected '=', ',', ';', 'asm' or '__attribute__' before '{' token
  513 | { return __mingw_wcsnlen (__text, __maxlen); }
      | ^
In file included from ..\Passenger.h:13,
                 from ..\main.c:5:
c:\mingw\include\string.h:193:15: error: storage class specified for parameter '__mingw_strnlen'
  193 | extern size_t __mingw_strnlen (const char *, size_t);
      |               ^~~~~~~~~~~~~~~
c:\mingw\include\string.h:197:1: error: expected '=', ',', ';', 'asm' or '__attribute__' before '{' token
  197 | { return __mingw_strnlen (__text, __maxlen); }
      | ^
c:\mingw\include\string.h:210:14: error: storage class specified for parameter 'strtok_r'
  210 | extern char *strtok_r
      |              ^~~~~~~~
c:\mingw\include\string.h:223:12: error: storage class specified for parameter 'strerror_r'
  223 | extern int strerror_r (int, char *, size_t);
      |            ^~~~~~~~~~
c:\mingw\include\string.h:248:1: error: expected '=', ',', ';', 'asm' or '__attribute__' before '{' token
  248 | { return strerror_r (__err, __buf, __len); }
      | ^
In file included from ..\main.c:5:
..\Passenger.h:26:2: error: storage class specified for parameter 'Passenger'
   26 | }Passenger;
      |  ^~~~~~~~~
..\Passenger.h:28:1: error: expected declaration specifiers before 'Passenger'
   28 | Passenger* Passenger_new();
      | ^~~~~~~~~
..\Passenger.h:29:1: error: expected declaration specifiers before 'Passenger'
   29 | Passenger* Passenger_newParametros(char* idStr,char* nombreStr,char* apellidoStr,char* precioStr,char* tipoPasajeroStr,char* codigoVueloStr,char* estadoVueloStr);
      | ^~~~~~~~~
In file included from ..\main.c:5:
..\Passenger.h:30:23: error: expected declaration specifiers or '...' before 'Passenger'
   30 | void Passenger_delete(Passenger* this);
      |                       ^~~~~~~~~
..\Passenger.h:32:21: error: expected declaration specifiers or '...' before 'Passenger'
   32 | int Passenger_setId(Passenger* this,int id);
      |                     ^~~~~~~~~
..\Passenger.h:33:21: error: expected declaration specifiers or '...' before 'Passenger'
   33 | int Passenger_getId(Passenger* this,int* id);
      |                     ^~~~~~~~~
..\Passenger.h:35:25: error: expected declaration specifiers or '...' before 'Passenger'
   35 | int Passenger_setNombre(Passenger* this,char* nombre);
      |                         ^~~~~~~~~
..\Passenger.h:36:25: error: expected declaration specifiers or '...' before 'Passenger'
   36 | int Passenger_getNombre(Passenger* this,char* nombre);
      |                         ^~~~~~~~~
..\Passenger.h:38:27: error: expected declaration specifiers or '...' before 'Passenger'
   38 | int Passenger_setApellido(Passenger* this,char* apellido);
      |                           ^~~~~~~~~
..\Passenger.h:39:27: error: expected declaration specifiers or '...' before 'Passenger'
   39 | int Passenger_getApellido(Passenger* this,char* apellido);
      |                           ^~~~~~~~~
..\Passenger.h:41:30: error: expected declaration specifiers or '...' before 'Passenger'
   41 | int Passenger_setCodigoVuelo(Passenger* this,char* codigoVuelo);
      |                              ^~~~~~~~~
..\Passenger.h:42:30: error: expected declaration specifiers or '...' before 'Passenger'
   42 | int Passenger_getCodigoVuelo(Passenger* this,char* codigoVuelo);
      |                              ^~~~~~~~~
..\Passenger.h:44:31: error: expected declaration specifiers or '...' before 'Passenger'
   44 | int Passenger_setTipoPasajero(Passenger* this,int tipoPasajero);
      |                               ^~~~~~~~~
..\Passenger.h:45:31: error: expected declaration specifiers or '...' before 'Passenger'
   45 | int Passenger_getTipoPasajero(Passenger* this,int* tipoPasajero);
      |                               ^~~~~~~~~
..\Passenger.h:47:25: error: expected declaration specifiers or '...' before 'Passenger'
   47 | int Passenger_setPrecio(Passenger* this,float precio);
      |                         ^~~~~~~~~
..\Passenger.h:48:25: error: expected declaration specifiers or '...' before 'Passenger'
   48 | int Passenger_getPrecio(Passenger* this,float* precio);
      |                         ^~~~~~~~~
..\Passenger.h:50:30: error: expected declaration specifiers or '...' before 'Passenger'
   50 | int Passenger_setEstadoVuelo(Passenger* this,char* estadoVuelo);
      |                              ^~~~~~~~~
..\Passenger.h:51:30: error: expected declaration specifiers or '...' before 'Passenger'
   51 | int Passenger_getEstadoVuelo(Passenger* this,char* estadoVuelo);
      |                              ^~~~~~~~~
..\Passenger.h:53:21: error: expected declaration specifiers or '...' before 'Passenger'
   53 | void Passenger_list(Passenger* this);
      |                     ^~~~~~~~~
..\main.c:24:1: error: expected '=', ',', ';', 'asm' or '__attribute__' before '{' token
   24 | {
      | ^
In file included from ..\main.c:4:
..\Controller.h:3:5: error: old-style parameter declarations in prototyped function definition
    3 | int controller_addPassenger(LinkedList* pArrayListPassenger, int* id)
      |     ^~~~~~~~~~~~~~~~~~~~~~~
..\main.c:193: error: expected '{' at end of input
..\main.c:191:1: warning: control reaches end of non-void function [-Wreturn-type]
  191 | }
      | ^
13:33:27 **** Incremental Build of configuration Debug for project TP_3 ****
Info: Internal Builder is used for build
gcc -O0 -g3 -Wall -c -fmessage-length=0 -o main.o "..\\main.c" 
c:\mingw\include\strings.h: In function 'controller_addPassenger':
c:\mingw\include\strings.h:80:9: error: expected declaration specifiers before '__attribute__'
   80 | _CRTIMP __cdecl __MINGW_NOTHROW  int _stricmp( const char *, const char * );
      |         ^~~~~~~
c:\mingw\include\strings.h:81:9: error: expected declaration specifiers before '__attribute__'
   81 | _CRTIMP __cdecl __MINGW_NOTHROW  int _strnicmp( const char *, const char *, size_t );
      |         ^~~~~~~
c:\mingw\include\string.h:70:9: error: expected declaration specifiers before '__attribute__'
   70 | _CRTIMP __cdecl __MINGW_NOTHROW  void *memchr (const void *, int, size_t) __MINGW_ATTRIB_PURE;
      |         ^~~~~~~
c:\mingw\include\string.h:71:9: error: expected declaration specifiers before '__attribute__'
   71 | _CRTIMP __cdecl __MINGW_NOTHROW  int memcmp (const void *, const void *, size_t) __MINGW_ATTRIB_PURE;
      |         ^~~~~~~
c:\mingw\include\string.h:72:9: error: expected declaration specifiers before '__attribute__'
   72 | _CRTIMP __cdecl __MINGW_NOTHROW  void *memcpy (void *, const void *, size_t);
      |         ^~~~~~~
c:\mingw\include\string.h:73:9: error: expected declaration specifiers before '__attribute__'
   73 | _CRTIMP __cdecl __MINGW_NOTHROW  void *memmove (void *, const void *, size_t);
      |         ^~~~~~~
c:\mingw\include\string.h:74:9: error: expected declaration specifiers before '__attribute__'
   74 | _CRTIMP __cdecl __MINGW_NOTHROW  void *memset (void *, int, size_t);
      |         ^~~~~~~
c:\mingw\include\string.h:75:9: error: expected declaration specifiers before '__attribute__'
   75 | _CRTIMP __cdecl __MINGW_NOTHROW  char *strcat (char *, const char *);
      |         ^~~~~~~
c:\mingw\include\string.h:76:9: error: expected declaration specifiers before '__attribute__'
   76 | _CRTIMP __cdecl __MINGW_NOTHROW  char *strchr (const char *, int) __MINGW_ATTRIB_PURE;
      |         ^~~~~~~
c:\mingw\include\string.h:77:9: error: expected declaration specifiers before '__attribute__'
   77 | _CRTIMP __cdecl __MINGW_NOTHROW  int strcmp (const char *, const char *) __MINGW_ATTRIB_PURE;
      |         ^~~~~~~
c:\mingw\include\string.h:78:9: error: expected declaration specifiers before '__attribute__'
   78 | _CRTIMP __cdecl __MINGW_NOTHROW  int strcoll (const char *, const char *); /* Compare using locale */
      |         ^~~~~~~
c:\mingw\include\string.h:79:9: error: expected declaration specifiers before '__attribute__'
   79 | _CRTIMP __cdecl __MINGW_NOTHROW  char *strcpy (char *, const char *);
      |         ^~~~~~~
c:\mingw\include\string.h:80:9: error: expected declaration specifiers before '__attribute__'
   80 | _CRTIMP __cdecl __MINGW_NOTHROW  size_t strcspn (const char *, const char *) __MINGW_ATTRIB_PURE;
      |         ^~~~~~~
c:\mingw\include\string.h:81:9: error: expected declaration specifiers before '__attribute__'
   81 | _CRTIMP __cdecl __MINGW_NOTHROW  char *strerror (int); /* NOTE: NOT an old name wrapper. */
      |         ^~~~~~~
c:\mingw\include\string.h:83:9: error: expected declaration specifiers before '__attribute__'
   83 | _CRTIMP __cdecl __MINGW_NOTHROW  size_t strlen (const char *) __MINGW_ATTRIB_PURE;
      |         ^~~~~~~
c:\mingw\include\string.h:84:9: error: expected declaration specifiers before '__attribute__'
   84 | _CRTIMP __cdecl __MINGW_NOTHROW  char *strncat (char *, const char *, size_t);
      |         ^~~~~~~
c:\mingw\include\string.h:85:9: error: expected declaration specifiers before '__attribute__'
   85 | _CRTIMP __cdecl __MINGW_NOTHROW  int strncmp (const char *, const char *, size_t) __MINGW_ATTRIB_PURE;
      |         ^~~~~~~
c:\mingw\include\string.h:86:9: error: expected declaration specifiers before '__attribute__'
   86 | _CRTIMP __cdecl __MINGW_NOTHROW  char *strncpy (char *, const char *, size_t);
      |         ^~~~~~~
c:\mingw\include\string.h:87:9: error: expected declaration specifiers before '__attribute__'
   87 | _CRTIMP __cdecl __MINGW_NOTHROW  char *strpbrk (const char *, const char *) __MINGW_ATTRIB_PURE;
      |         ^~~~~~~
c:\mingw\include\string.h:88:9: error: expected declaration specifiers before '__attribute__'
   88 | _CRTIMP __cdecl __MINGW_NOTHROW  char *strrchr (const char *, int) __MINGW_ATTRIB_PURE;
      |         ^~~~~~~
c:\mingw\include\string.h:89:9: error: expected declaration specifiers before '__attribute__'
   89 | _CRTIMP __cdecl __MINGW_NOTHROW  size_t strspn (const char *, const char *) __MINGW_ATTRIB_PURE;
      |         ^~~~~~~
c:\mingw\include\string.h:90:9: error: expected declaration specifiers before '__attribute__'
   90 | _CRTIMP __cdecl __MINGW_NOTHROW  char *strstr (const char *, const char *) __MINGW_ATTRIB_PURE;
      |         ^~~~~~~
c:\mingw\include\string.h:91:9: error: expected declaration specifiers before '__attribute__'
   91 | _CRTIMP __cdecl __MINGW_NOTHROW  char *strtok (char *, const char *);
      |         ^~~~~~~
c:\mingw\include\string.h:92:9: error: expected declaration specifiers before '__attribute__'
   92 | _CRTIMP __cdecl __MINGW_NOTHROW  size_t strxfrm (char *, const char *, size_t);
      |         ^~~~~~~
c:\mingw\include\string.h:97:9: error: expected declaration specifiers before '__attribute__'
   97 | _CRTIMP __cdecl __MINGW_NOTHROW  char *_strerror (const char *);
      |         ^~~~~~~
c:\mingw\include\string.h:98:9: error: expected declaration specifiers before '__attribute__'
   98 | _CRTIMP __cdecl __MINGW_NOTHROW  void *_memccpy (void *, const void *, int, size_t);
      |         ^~~~~~~
c:\mingw\include\string.h:99:9: error: expected declaration specifiers before '__attribute__'
   99 | _CRTIMP __cdecl __MINGW_NOTHROW  int _memicmp (const void *, const void *, size_t);
      |         ^~~~~~~
c:\mingw\include\string.h:100:9: error: expected declaration specifiers before '__attribute__'
  100 | _CRTIMP __cdecl __MINGW_NOTHROW  char *_strdup (const char *) __MINGW_ATTRIB_MALLOC;
      |         ^~~~~~~
c:\mingw\include\string.h:101:9: error: expected declaration specifiers before '__attribute__'
  101 | _CRTIMP __cdecl __MINGW_NOTHROW  int _strcmpi (const char *, const char *);
      |         ^~~~~~~
c:\mingw\include\string.h:102:9: error: expected declaration specifiers before '__attribute__'
  102 | _CRTIMP __cdecl __MINGW_NOTHROW  int _stricoll (const char *, const char *);
      |         ^~~~~~~
c:\mingw\include\string.h:103:9: error: expected declaration specifiers before '__attribute__'
  103 | _CRTIMP __cdecl __MINGW_NOTHROW  char *_strlwr (char *);
      |         ^~~~~~~
c:\mingw\include\string.h:104:9: error: expected declaration specifiers before '__attribute__'
  104 | _CRTIMP __cdecl __MINGW_NOTHROW  char *_strnset (char *, int, size_t);
      |         ^~~~~~~
c:\mingw\include\string.h:105:9: error: expected declaration specifiers before '__attribute__'
  105 | _CRTIMP __cdecl __MINGW_NOTHROW  char *_strrev (char *);
      |         ^~~~~~~
c:\mingw\include\string.h:106:9: error: expected declaration specifiers before '__attribute__'
  106 | _CRTIMP __cdecl __MINGW_NOTHROW  char *_strset (char *, int);
      |         ^~~~~~~
c:\mingw\include\string.h:107:9: error: expected declaration specifiers before '__attribute__'
  107 | _CRTIMP __cdecl __MINGW_NOTHROW  char *_strupr (char *);
      |         ^~~~~~~
c:\mingw\include\string.h:108:9: error: expected declaration specifiers before '__attribute__'
  108 | _CRTIMP __cdecl __MINGW_NOTHROW  void _swab (const char *, char *, size_t);
      |         ^~~~~~~
c:\mingw\include\string.h:126:9: error: expected declaration specifiers before '__attribute__'
  126 | _CRTIMP __cdecl __MINGW_NOTHROW  int _strncoll(const char *, const char *, size_t);
      |         ^~~~~~~
c:\mingw\include\string.h:127:9: error: expected declaration specifiers before '__attribute__'
  127 | _CRTIMP __cdecl __MINGW_NOTHROW  int _strnicoll(const char *, const char *, size_t);
      |         ^~~~~~~
c:\mingw\include\string.h:134:9: error: expected declaration specifiers before '__attribute__'
  134 | _CRTIMP __cdecl __MINGW_NOTHROW  void *memccpy (void *, const void *, int, size_t);
      |         ^~~~~~~
c:\mingw\include\string.h:135:9: error: expected declaration specifiers before '__attribute__'
  135 | _CRTIMP __cdecl __MINGW_NOTHROW  int memicmp (const void *, const void *, size_t);
      |         ^~~~~~~
c:\mingw\include\string.h:136:9: error: expected declaration specifiers before '__attribute__'
  136 | _CRTIMP __cdecl __MINGW_NOTHROW  char *strdup (const char *) __MINGW_ATTRIB_MALLOC;
      |         ^~~~~~~
c:\mingw\include\string.h:137:9: error: expected declaration specifiers before '__attribute__'
  137 | _CRTIMP __cdecl __MINGW_NOTHROW  int strcmpi (const char *, const char *);
      |         ^~~~~~~
c:\mingw\include\string.h:138:9: error: expected declaration specifiers before '__attribute__'
  138 | _CRTIMP __cdecl __MINGW_NOTHROW  int stricmp (const char *, const char *);
      |         ^~~~~~~
c:\mingw\include\string.h:139:9: error: expected declaration specifiers before '__attribute__'
  139 | _CRTIMP __cdecl __MINGW_NOTHROW  int stricoll (const char *, const char *);
      |         ^~~~~~~
c:\mingw\include\string.h:140:9: error: expected declaration specifiers before '__attribute__'
  140 | _CRTIMP __cdecl __MINGW_NOTHROW  char *strlwr (char *);
      |         ^~~~~~~
c:\mingw\include\string.h:141:9: error: expected declaration specifiers before '__attribute__'
  141 | _CRTIMP __cdecl __MINGW_NOTHROW  int strnicmp (const char *, const char *, size_t);
      |         ^~~~~~~
c:\mingw\include\string.h:142:9: error: expected declaration specifiers before '__attribute__'
  142 | _CRTIMP __cdecl __MINGW_NOTHROW  char *strnset (char *, int, size_t);
      |         ^~~~~~~
c:\mingw\include\string.h:143:9: error: expected declaration specifiers before '__attribute__'
  143 | _CRTIMP __cdecl __MINGW_NOTHROW  char *strrev (char *);
      |         ^~~~~~~
c:\mingw\include\string.h:144:9: error: expected declaration specifiers before '__attribute__'
  144 | _CRTIMP __cdecl __MINGW_NOTHROW  char *strset (char *, int);
      |         ^~~~~~~
c:\mingw\include\string.h:145:9: error: expected declaration specifiers before '__attribute__'
  145 | _CRTIMP __cdecl __MINGW_NOTHROW  char *strupr (char *);
      |         ^~~~~~~
c:\mingw\include\string.h:151:9: error: expected declaration specifiers before '__attribute__'
  151 | _CRTIMP __cdecl __MINGW_NOTHROW  void swab (const char *, char *, size_t);
      |         ^~~~~~~
c:\mingw\include\wchar.h:410:9: error: expected declaration specifiers before '__attribute__'
  410 | _CRTIMP __cdecl __MINGW_NOTHROW  wchar_t *wcscat (wchar_t *, const wchar_t *);
      |         ^~~~~~~
c:\mingw\include\wchar.h:411:9: error: expected declaration specifiers before '__attribute__'
  411 | _CRTIMP __cdecl __MINGW_NOTHROW  wchar_t *wcschr (const wchar_t *, wchar_t);
      |         ^~~~~~~
c:\mingw\include\wchar.h:412:9: error: expected declaration specifiers before '__attribute__'
  412 | _CRTIMP __cdecl __MINGW_NOTHROW  int wcscmp (const wchar_t *, const wchar_t *);
      |         ^~~~~~~
c:\mingw\include\wchar.h:413:9: error: expected declaration specifiers before '__attribute__'
  413 | _CRTIMP __cdecl __MINGW_NOTHROW  int wcscoll (const wchar_t *, const wchar_t *);
      |         ^~~~~~~
c:\mingw\include\wchar.h:414:9: error: expected declaration specifiers before '__attribute__'
  414 | _CRTIMP __cdecl __MINGW_NOTHROW  wchar_t *wcscpy (wchar_t *, const wchar_t *);
      |         ^~~~~~~
c:\mingw\include\wchar.h:415:9: error: expected declaration specifiers before '__attribute__'
  415 | _CRTIMP __cdecl __MINGW_NOTHROW  size_t wcscspn (const wchar_t *, const wchar_t *);
      |         ^~~~~~~
c:\mingw\include\wchar.h:416:9: error: expected declaration specifiers before '__attribute__'
  416 | _CRTIMP __cdecl __MINGW_NOTHROW  size_t wcslen (const wchar_t *);
      |         ^~~~~~~
c:\mingw\include\wchar.h:417:9: error: expected declaration specifiers before '__attribute__'
  417 | _CRTIMP __cdecl __MINGW_NOTHROW  wchar_t *wcsncat (wchar_t *, const wchar_t *, size_t);
      |         ^~~~~~~
c:\mingw\include\wchar.h:418:9: error: expected declaration specifiers before '__attribute__'
  418 | _CRTIMP __cdecl __MINGW_NOTHROW  int wcsncmp (const wchar_t *, const wchar_t *, size_t);
      |         ^~~~~~~
c:\mingw\include\wchar.h:419:9: error: expected declaration specifiers before '__attribute__'
  419 | _CRTIMP __cdecl __MINGW_NOTHROW  wchar_t *wcsncpy (wchar_t *, const wchar_t *, size_t);
      |         ^~~~~~~
c:\mingw\include\wchar.h:420:9: error: expected declaration specifiers before '__attribute__'
  420 | _CRTIMP __cdecl __MINGW_NOTHROW  wchar_t *wcspbrk (const wchar_t *, const wchar_t *);
      |         ^~~~~~~
c:\mingw\include\wchar.h:421:9: error: expected declaration specifiers before '__attribute__'
  421 | _CRTIMP __cdecl __MINGW_NOTHROW  wchar_t *wcsrchr (const wchar_t *, wchar_t);
      |         ^~~~~~~
c:\mingw\include\wchar.h:422:9: error: expected declaration specifiers before '__attribute__'
  422 | _CRTIMP __cdecl __MINGW_NOTHROW  size_t wcsspn (const wchar_t *, const wchar_t *);
      |         ^~~~~~~
c:\mingw\include\wchar.h:423:9: error: expected declaration specifiers before '__attribute__'
  423 | _CRTIMP __cdecl __MINGW_NOTHROW  wchar_t *wcsstr (const wchar_t *, const wchar_t *);
      |         ^~~~~~~
c:\mingw\include\wchar.h:424:9: error: expected declaration specifiers before '__attribute__'
  424 | _CRTIMP __cdecl __MINGW_NOTHROW  wchar_t *wcstok (wchar_t *, const wchar_t *);
      |         ^~~~~~~
c:\mingw\include\wchar.h:425:9: error: expected declaration specifiers before '__attribute__'
  425 | _CRTIMP __cdecl __MINGW_NOTHROW  size_t wcsxfrm (wchar_t *, const wchar_t *, size_t);
      |         ^~~~~~~
c:\mingw\include\wchar.h:430:9: error: expected declaration specifiers before '__attribute__'
  430 | _CRTIMP __cdecl __MINGW_NOTHROW  wchar_t *_wcsdup (const wchar_t *);
      |         ^~~~~~~
c:\mingw\include\wchar.h:431:9: error: expected declaration specifiers before '__attribute__'
  431 | _CRTIMP __cdecl __MINGW_NOTHROW  int _wcsicmp (const wchar_t *, const wchar_t *);
      |         ^~~~~~~
c:\mingw\include\wchar.h:432:9: error: expected declaration specifiers before '__attribute__'
  432 | _CRTIMP __cdecl __MINGW_NOTHROW  int _wcsicoll (const wchar_t *, const wchar_t *);
      |         ^~~~~~~
c:\mingw\include\wchar.h:433:9: error: expected declaration specifiers before '__attribute__'
  433 | _CRTIMP __cdecl __MINGW_NOTHROW  wchar_t *_wcslwr (wchar_t*);
      |         ^~~~~~~
c:\mingw\include\wchar.h:434:9: error: expected declaration specifiers before '__attribute__'
  434 | _CRTIMP __cdecl __MINGW_NOTHROW  int _wcsnicmp (const wchar_t *, const wchar_t *, size_t);
      |         ^~~~~~~
c:\mingw\include\wchar.h:435:9: error: expected declaration specifiers before '__attribute__'
  435 | _CRTIMP __cdecl __MINGW_NOTHROW  wchar_t *_wcsnset (wchar_t *, wchar_t, size_t);
      |         ^~~~~~~
c:\mingw\include\wchar.h:436:9: error: expected declaration specifiers before '__attribute__'
  436 | _CRTIMP __cdecl __MINGW_NOTHROW  wchar_t *_wcsrev (wchar_t *);
      |         ^~~~~~~
c:\mingw\include\wchar.h:437:9: error: expected declaration specifiers before '__attribute__'
  437 | _CRTIMP __cdecl __MINGW_NOTHROW  wchar_t *_wcsset (wchar_t *, wchar_t);
      |         ^~~~~~~
c:\mingw\include\wchar.h:438:9: error: expected declaration specifiers before '__attribute__'
  438 | _CRTIMP __cdecl __MINGW_NOTHROW  wchar_t *_wcsupr (wchar_t *);
      |         ^~~~~~~
c:\mingw\include\wchar.h:441:9: error: expected declaration specifiers before '__attribute__'
  441 | _CRTIMP __cdecl __MINGW_NOTHROW  int _wcsncoll (const wchar_t *, const wchar_t *, size_t);
      |         ^~~~~~~
c:\mingw\include\wchar.h:442:9: error: expected declaration specifiers before '__attribute__'
  442 | _CRTIMP __cdecl __MINGW_NOTHROW  int _wcsnicoll (const wchar_t *, const wchar_t *, size_t);
      |         ^~~~~~~
c:\mingw\include\wchar.h:475:9: error: expected declaration specifiers before '__attribute__'
  475 | _CRTIMP __cdecl __MINGW_NOTHROW  wchar_t *wcsdup (const wchar_t *);
      |         ^~~~~~~
c:\mingw\include\wchar.h:476:9: error: expected declaration specifiers before '__attribute__'
  476 | _CRTIMP __cdecl __MINGW_NOTHROW  int wcsicmp (const wchar_t *, const wchar_t *);
      |         ^~~~~~~
c:\mingw\include\wchar.h:477:9: error: expected declaration specifiers before '__attribute__'
  477 | _CRTIMP __cdecl __MINGW_NOTHROW  int wcsicoll (const wchar_t *, const wchar_t *);
      |         ^~~~~~~
c:\mingw\include\wchar.h:478:9: error: expected declaration specifiers before '__attribute__'
  478 | _CRTIMP __cdecl __MINGW_NOTHROW  wchar_t *wcslwr (wchar_t *);
      |         ^~~~~~~
c:\mingw\include\wchar.h:479:9: error: expected declaration specifiers before '__attribute__'
  479 | _CRTIMP __cdecl __MINGW_NOTHROW  int wcsnicmp (const wchar_t *, const wchar_t *, size_t);
      |         ^~~~~~~
c:\mingw\include\wchar.h:480:9: error: expected declaration specifiers before '__attribute__'
  480 | _CRTIMP __cdecl __MINGW_NOTHROW  wchar_t *wcsnset (wchar_t *, wchar_t, size_t);
      |         ^~~~~~~
c:\mingw\include\wchar.h:481:9: error: expected declaration specifiers before '__attribute__'
  481 | _CRTIMP __cdecl __MINGW_NOTHROW  wchar_t *wcsrev (wchar_t *);
      |         ^~~~~~~
c:\mingw\include\wchar.h:482:9: error: expected declaration specifiers before '__attribute__'
  482 | _CRTIMP __cdecl __MINGW_NOTHROW  wchar_t *wcsset (wchar_t *, wchar_t);
      |         ^~~~~~~
c:\mingw\include\wchar.h:483:9: error: expected declaration specifiers before '__attribute__'
  483 | _CRTIMP __cdecl __MINGW_NOTHROW  wchar_t *wcsupr (wchar_t *);
      |         ^~~~~~~
In file included from c:\mingw\include\string.h:170,
                 from ..\Passenger.h:13,
                 from ..\main.c:5:
c:\mingw\include\wchar.h:509:15: error: storage class specified for parameter '__mingw_wcsnlen'
  509 | extern size_t __mingw_wcsnlen (const wchar_t *, size_t);
      |               ^~~~~~~~~~~~~~~
c:\mingw\include\wchar.h:513:1: error: expected '=', ',', ';', 'asm' or '__attribute__' before '{' token
  513 | { return __mingw_wcsnlen (__text, __maxlen); }
      | ^
In file included from ..\Passenger.h:13,
                 from ..\main.c:5:
c:\mingw\include\string.h:193:15: error: storage class specified for parameter '__mingw_strnlen'
  193 | extern size_t __mingw_strnlen (const char *, size_t);
      |               ^~~~~~~~~~~~~~~
c:\mingw\include\string.h:197:1: error: expected '=', ',', ';', 'asm' or '__attribute__' before '{' token
  197 | { return __mingw_strnlen (__text, __maxlen); }
      | ^
c:\mingw\include\string.h:210:14: error: storage class specified for parameter 'strtok_r'
  210 | extern char *strtok_r
      |              ^~~~~~~~
c:\mingw\include\string.h:223:12: error: storage class specified for parameter 'strerror_r'
  223 | extern int strerror_r (int, char *, size_t);
      |            ^~~~~~~~~~
c:\mingw\include\string.h:248:1: error: expected '=', ',', ';', 'asm' or '__attribute__' before '{' token
  248 | { return strerror_r (__err, __buf, __len); }
      | ^
In file included from ..\main.c:5:
..\Passenger.h:26:2: error: storage class specified for parameter 'Passenger'
   26 | }Passenger;
      |  ^~~~~~~~~
..\Passenger.h:28:1: error: expected declaration specifiers before 'Passenger'
   28 | Passenger* Passenger_new();
      | ^~~~~~~~~
..\Passenger.h:29:1: error: expected declaration specifiers before 'Passenger'
   29 | Passenger* Passenger_newParametros(char* idStr,char* nombreStr,char* apellidoStr,char* precioStr,char* tipoPasajeroStr,char* codigoVueloStr,char* estadoVueloStr);
      | ^~~~~~~~~
In file included from ..\main.c:5:
..\Passenger.h:30:23: error: expected declaration specifiers or '...' before 'Passenger'
   30 | void Passenger_delete(Passenger* this);
      |                       ^~~~~~~~~
..\Passenger.h:32:21: error: expected declaration specifiers or '...' before 'Passenger'
   32 | int Passenger_setId(Passenger* this,int id);
      |                     ^~~~~~~~~
..\Passenger.h:33:21: error: expected declaration specifiers or '...' before 'Passenger'
   33 | int Passenger_getId(Passenger* this,int* id);
      |                     ^~~~~~~~~
..\Passenger.h:35:25: error: expected declaration specifiers or '...' before 'Passenger'
   35 | int Passenger_setNombre(Passenger* this,char* nombre);
      |                         ^~~~~~~~~
..\Passenger.h:36:25: error: expected declaration specifiers or '...' before 'Passenger'
   36 | int Passenger_getNombre(Passenger* this,char* nombre);
      |                         ^~~~~~~~~
..\Passenger.h:38:27: error: expected declaration specifiers or '...' before 'Passenger'
   38 | int Passenger_setApellido(Passenger* this,char* apellido);
      |                           ^~~~~~~~~
..\Passenger.h:39:27: error: expected declaration specifiers or '...' before 'Passenger'
   39 | int Passenger_getApellido(Passenger* this,char* apellido);
      |                           ^~~~~~~~~
..\Passenger.h:41:30: error: expected declaration specifiers or '...' before 'Passenger'
   41 | int Passenger_setCodigoVuelo(Passenger* this,char* codigoVuelo);
      |                              ^~~~~~~~~
..\Passenger.h:42:30: error: expected declaration specifiers or '...' before 'Passenger'
   42 | int Passenger_getCodigoVuelo(Passenger* this,char* codigoVuelo);
      |                              ^~~~~~~~~
..\Passenger.h:44:31: error: expected declaration specifiers or '...' before 'Passenger'
   44 | int Passenger_setTipoPasajero(Passenger* this,int tipoPasajero);
      |                               ^~~~~~~~~
..\Passenger.h:45:31: error: expected declaration specifiers or '...' before 'Passenger'
   45 | int Passenger_getTipoPasajero(Passenger* this,int* tipoPasajero);
      |                               ^~~~~~~~~
..\Passenger.h:47:25: error: expected declaration specifiers or '...' before 'Passenger'
   47 | int Passenger_setPrecio(Passenger* this,float precio);
      |                         ^~~~~~~~~
..\Passenger.h:48:25: error: expected declaration specifiers or '...' before 'Passenger'
   48 | int Passenger_getPrecio(Passenger* this,float* precio);
      |                         ^~~~~~~~~
..\Passenger.h:50:30: error: expected declaration specifiers or '...' before 'Passenger'
   50 | int Passenger_setEstadoVuelo(Passenger* this,char* estadoVuelo);
      |                              ^~~~~~~~~
..\Passenger.h:51:30: error: expected declaration specifiers or '...' before 'Passenger'
   51 | int Passenger_getEstadoVuelo(Passenger* this,char* estadoVuelo);
      |                              ^~~~~~~~~
..\Passenger.h:53:21: error: expected declaration specifiers or '...' before 'Passenger'
   53 | void Passenger_list(Passenger* this);
      |                     ^~~~~~~~~
..\main.c:24:1: error: expected '=', ',', ';', 'asm' or '__attribute__' before '{' token
   24 | {
      | ^
In file included from ..\main.c:4:
..\Controller.h:3:5: error: old-style parameter declarations in prototyped function definition
    3 | int controller_addPassenger(LinkedList* pArrayListPassenger, int* id)
      |     ^~~~~~~~~~~~~~~~~~~~~~~
..\main.c:193: error: expected '{' at end of input
..\main.c:191:1: warning: control reaches end of non-void function [-Wreturn-type]
  191 | }
      | ^
13:33:36 **** Incremental Build of configuration Debug for project TP_3 ****
Info: Internal Builder is used for build
gcc -O0 -g3 -Wall -c -fmessage-length=0 -o Controller.o "..\\Controller.c" 
..\Controller.c: In function 'controller_addPassenger':
..\Controller.c:207:2: warning: statement with no effect [-Wunused-value]
  207 |  auxId;
      |  ^~~~~
..\Controller.c:209:2: warning: 'auxId' is used uninitialized in this function [-Wuninitialized]
  209 |  sprintf(auxIdStr, "%d", auxId);
      |  ^~~~~~~~~~~~~~~~~~~~~~~~~~~~~~
gcc -O0 -g3 -Wall -c -fmessage-length=0 -o main.o "..\\main.c" 
c:\mingw\include\strings.h: In function 'controller_addPassenger':
c:\mingw\include\strings.h:80:9: error: expected declaration specifiers before '__attribute__'
   80 | _CRTIMP __cdecl __MINGW_NOTHROW  int _stricmp( const char *, const char * );
      |         ^~~~~~~
c:\mingw\include\strings.h:81:9: error: expected declaration specifiers before '__attribute__'
   81 | _CRTIMP __cdecl __MINGW_NOTHROW  int _strnicmp( const char *, const char *, size_t );
      |         ^~~~~~~
c:\mingw\include\string.h:70:9: error: expected declaration specifiers before '__attribute__'
   70 | _CRTIMP __cdecl __MINGW_NOTHROW  void *memchr (const void *, int, size_t) __MINGW_ATTRIB_PURE;
      |         ^~~~~~~
c:\mingw\include\string.h:71:9: error: expected declaration specifiers before '__attribute__'
   71 | _CRTIMP __cdecl __MINGW_NOTHROW  int memcmp (const void *, const void *, size_t) __MINGW_ATTRIB_PURE;
      |         ^~~~~~~
c:\mingw\include\string.h:72:9: error: expected declaration specifiers before '__attribute__'
   72 | _CRTIMP __cdecl __MINGW_NOTHROW  void *memcpy (void *, const void *, size_t);
      |         ^~~~~~~
c:\mingw\include\string.h:73:9: error: expected declaration specifiers before '__attribute__'
   73 | _CRTIMP __cdecl __MINGW_NOTHROW  void *memmove (void *, const void *, size_t);
      |         ^~~~~~~
c:\mingw\include\string.h:74:9: error: expected declaration specifiers before '__attribute__'
   74 | _CRTIMP __cdecl __MINGW_NOTHROW  void *memset (void *, int, size_t);
      |         ^~~~~~~
c:\mingw\include\string.h:75:9: error: expected declaration specifiers before '__attribute__'
   75 | _CRTIMP __cdecl __MINGW_NOTHROW  char *strcat (char *, const char *);
      |         ^~~~~~~
c:\mingw\include\string.h:76:9: error: expected declaration specifiers before '__attribute__'
   76 | _CRTIMP __cdecl __MINGW_NOTHROW  char *strchr (const char *, int) __MINGW_ATTRIB_PURE;
      |         ^~~~~~~
c:\mingw\include\string.h:77:9: error: expected declaration specifiers before '__attribute__'
   77 | _CRTIMP __cdecl __MINGW_NOTHROW  int strcmp (const char *, const char *) __MINGW_ATTRIB_PURE;
      |         ^~~~~~~
c:\mingw\include\string.h:78:9: error: expected declaration specifiers before '__attribute__'
   78 | _CRTIMP __cdecl __MINGW_NOTHROW  int strcoll (const char *, const char *); /* Compare using locale */
      |         ^~~~~~~
c:\mingw\include\string.h:79:9: error: expected declaration specifiers before '__attribute__'
   79 | _CRTIMP __cdecl __MINGW_NOTHROW  char *strcpy (char *, const char *);
      |         ^~~~~~~
c:\mingw\include\string.h:80:9: error: expected declaration specifiers before '__attribute__'
   80 | _CRTIMP __cdecl __MINGW_NOTHROW  size_t strcspn (const char *, const char *) __MINGW_ATTRIB_PURE;
      |         ^~~~~~~
c:\mingw\include\string.h:81:9: error: expected declaration specifiers before '__attribute__'
   81 | _CRTIMP __cdecl __MINGW_NOTHROW  char *strerror (int); /* NOTE: NOT an old name wrapper. */
      |         ^~~~~~~
c:\mingw\include\string.h:83:9: error: expected declaration specifiers before '__attribute__'
   83 | _CRTIMP __cdecl __MINGW_NOTHROW  size_t strlen (const char *) __MINGW_ATTRIB_PURE;
      |         ^~~~~~~
c:\mingw\include\string.h:84:9: error: expected declaration specifiers before '__attribute__'
   84 | _CRTIMP __cdecl __MINGW_NOTHROW  char *strncat (char *, const char *, size_t);
      |         ^~~~~~~
c:\mingw\include\string.h:85:9: error: expected declaration specifiers before '__attribute__'
   85 | _CRTIMP __cdecl __MINGW_NOTHROW  int strncmp (const char *, const char *, size_t) __MINGW_ATTRIB_PURE;
      |         ^~~~~~~
c:\mingw\include\string.h:86:9: error: expected declaration specifiers before '__attribute__'
   86 | _CRTIMP __cdecl __MINGW_NOTHROW  char *strncpy (char *, const char *, size_t);
      |         ^~~~~~~
c:\mingw\include\string.h:87:9: error: expected declaration specifiers before '__attribute__'
   87 | _CRTIMP __cdecl __MINGW_NOTHROW  char *strpbrk (const char *, const char *) __MINGW_ATTRIB_PURE;
      |         ^~~~~~~
c:\mingw\include\string.h:88:9: error: expected declaration specifiers before '__attribute__'
   88 | _CRTIMP __cdecl __MINGW_NOTHROW  char *strrchr (const char *, int) __MINGW_ATTRIB_PURE;
      |         ^~~~~~~
c:\mingw\include\string.h:89:9: error: expected declaration specifiers before '__attribute__'
   89 | _CRTIMP __cdecl __MINGW_NOTHROW  size_t strspn (const char *, const char *) __MINGW_ATTRIB_PURE;
      |         ^~~~~~~
c:\mingw\include\string.h:90:9: error: expected declaration specifiers before '__attribute__'
   90 | _CRTIMP __cdecl __MINGW_NOTHROW  char *strstr (const char *, const char *) __MINGW_ATTRIB_PURE;
      |         ^~~~~~~
c:\mingw\include\string.h:91:9: error: expected declaration specifiers before '__attribute__'
   91 | _CRTIMP __cdecl __MINGW_NOTHROW  char *strtok (char *, const char *);
      |         ^~~~~~~
c:\mingw\include\string.h:92:9: error: expected declaration specifiers before '__attribute__'
   92 | _CRTIMP __cdecl __MINGW_NOTHROW  size_t strxfrm (char *, const char *, size_t);
      |         ^~~~~~~
c:\mingw\include\string.h:97:9: error: expected declaration specifiers before '__attribute__'
   97 | _CRTIMP __cdecl __MINGW_NOTHROW  char *_strerror (const char *);
      |         ^~~~~~~
c:\mingw\include\string.h:98:9: error: expected declaration specifiers before '__attribute__'
   98 | _CRTIMP __cdecl __MINGW_NOTHROW  void *_memccpy (void *, const void *, int, size_t);
      |         ^~~~~~~
c:\mingw\include\string.h:99:9: error: expected declaration specifiers before '__attribute__'
   99 | _CRTIMP __cdecl __MINGW_NOTHROW  int _memicmp (const void *, const void *, size_t);
      |         ^~~~~~~
c:\mingw\include\string.h:100:9: error: expected declaration specifiers before '__attribute__'
  100 | _CRTIMP __cdecl __MINGW_NOTHROW  char *_strdup (const char *) __MINGW_ATTRIB_MALLOC;
      |         ^~~~~~~
c:\mingw\include\string.h:101:9: error: expected declaration specifiers before '__attribute__'
  101 | _CRTIMP __cdecl __MINGW_NOTHROW  int _strcmpi (const char *, const char *);
      |         ^~~~~~~
c:\mingw\include\string.h:102:9: error: expected declaration specifiers before '__attribute__'
  102 | _CRTIMP __cdecl __MINGW_NOTHROW  int _stricoll (const char *, const char *);
      |         ^~~~~~~
c:\mingw\include\string.h:103:9: error: expected declaration specifiers before '__attribute__'
  103 | _CRTIMP __cdecl __MINGW_NOTHROW  char *_strlwr (char *);
      |         ^~~~~~~
c:\mingw\include\string.h:104:9: error: expected declaration specifiers before '__attribute__'
  104 | _CRTIMP __cdecl __MINGW_NOTHROW  char *_strnset (char *, int, size_t);
      |         ^~~~~~~
c:\mingw\include\string.h:105:9: error: expected declaration specifiers before '__attribute__'
  105 | _CRTIMP __cdecl __MINGW_NOTHROW  char *_strrev (char *);
      |         ^~~~~~~
c:\mingw\include\string.h:106:9: error: expected declaration specifiers before '__attribute__'
  106 | _CRTIMP __cdecl __MINGW_NOTHROW  char *_strset (char *, int);
      |         ^~~~~~~
c:\mingw\include\string.h:107:9: error: expected declaration specifiers before '__attribute__'
  107 | _CRTIMP __cdecl __MINGW_NOTHROW  char *_strupr (char *);
      |         ^~~~~~~
c:\mingw\include\string.h:108:9: error: expected declaration specifiers before '__attribute__'
  108 | _CRTIMP __cdecl __MINGW_NOTHROW  void _swab (const char *, char *, size_t);
      |         ^~~~~~~
c:\mingw\include\string.h:126:9: error: expected declaration specifiers before '__attribute__'
  126 | _CRTIMP __cdecl __MINGW_NOTHROW  int _strncoll(const char *, const char *, size_t);
      |         ^~~~~~~
c:\mingw\include\string.h:127:9: error: expected declaration specifiers before '__attribute__'
  127 | _CRTIMP __cdecl __MINGW_NOTHROW  int _strnicoll(const char *, const char *, size_t);
      |         ^~~~~~~
c:\mingw\include\string.h:134:9: error: expected declaration specifiers before '__attribute__'
  134 | _CRTIMP __cdecl __MINGW_NOTHROW  void *memccpy (void *, const void *, int, size_t);
      |         ^~~~~~~
c:\mingw\include\string.h:135:9: error: expected declaration specifiers before '__attribute__'
  135 | _CRTIMP __cdecl __MINGW_NOTHROW  int memicmp (const void *, const void *, size_t);
      |         ^~~~~~~
c:\mingw\include\string.h:136:9: error: expected declaration specifiers before '__attribute__'
  136 | _CRTIMP __cdecl __MINGW_NOTHROW  char *strdup (const char *) __MINGW_ATTRIB_MALLOC;
      |         ^~~~~~~
c:\mingw\include\string.h:137:9: error: expected declaration specifiers before '__attribute__'
  137 | _CRTIMP __cdecl __MINGW_NOTHROW  int strcmpi (const char *, const char *);
      |         ^~~~~~~
c:\mingw\include\string.h:138:9: error: expected declaration specifiers before '__attribute__'
  138 | _CRTIMP __cdecl __MINGW_NOTHROW  int stricmp (const char *, const char *);
      |         ^~~~~~~
c:\mingw\include\string.h:139:9: error: expected declaration specifiers before '__attribute__'
  139 | _CRTIMP __cdecl __MINGW_NOTHROW  int stricoll (const char *, const char *);
      |         ^~~~~~~
c:\mingw\include\string.h:140:9: error: expected declaration specifiers before '__attribute__'
  140 | _CRTIMP __cdecl __MINGW_NOTHROW  char *strlwr (char *);
      |         ^~~~~~~
c:\mingw\include\string.h:141:9: error: expected declaration specifiers before '__attribute__'
  141 | _CRTIMP __cdecl __MINGW_NOTHROW  int strnicmp (const char *, const char *, size_t);
      |         ^~~~~~~
c:\mingw\include\string.h:142:9: error: expected declaration specifiers before '__attribute__'
  142 | _CRTIMP __cdecl __MINGW_NOTHROW  char *strnset (char *, int, size_t);
      |         ^~~~~~~
c:\mingw\include\string.h:143:9: error: expected declaration specifiers before '__attribute__'
  143 | _CRTIMP __cdecl __MINGW_NOTHROW  char *strrev (char *);
      |         ^~~~~~~
c:\mingw\include\string.h:144:9: error: expected declaration specifiers before '__attribute__'
  144 | _CRTIMP __cdecl __MINGW_NOTHROW  char *strset (char *, int);
      |         ^~~~~~~
c:\mingw\include\string.h:145:9: error: expected declaration specifiers before '__attribute__'
  145 | _CRTIMP __cdecl __MINGW_NOTHROW  char *strupr (char *);
      |         ^~~~~~~
c:\mingw\include\string.h:151:9: error: expected declaration specifiers before '__attribute__'
  151 | _CRTIMP __cdecl __MINGW_NOTHROW  void swab (const char *, char *, size_t);
      |         ^~~~~~~
c:\mingw\include\wchar.h:410:9: error: expected declaration specifiers before '__attribute__'
  410 | _CRTIMP __cdecl __MINGW_NOTHROW  wchar_t *wcscat (wchar_t *, const wchar_t *);
      |         ^~~~~~~
c:\mingw\include\wchar.h:411:9: error: expected declaration specifiers before '__attribute__'
  411 | _CRTIMP __cdecl __MINGW_NOTHROW  wchar_t *wcschr (const wchar_t *, wchar_t);
      |         ^~~~~~~
c:\mingw\include\wchar.h:412:9: error: expected declaration specifiers before '__attribute__'
  412 | _CRTIMP __cdecl __MINGW_NOTHROW  int wcscmp (const wchar_t *, const wchar_t *);
      |         ^~~~~~~
c:\mingw\include\wchar.h:413:9: error: expected declaration specifiers before '__attribute__'
  413 | _CRTIMP __cdecl __MINGW_NOTHROW  int wcscoll (const wchar_t *, const wchar_t *);
      |         ^~~~~~~
c:\mingw\include\wchar.h:414:9: error: expected declaration specifiers before '__attribute__'
  414 | _CRTIMP __cdecl __MINGW_NOTHROW  wchar_t *wcscpy (wchar_t *, const wchar_t *);
      |         ^~~~~~~
c:\mingw\include\wchar.h:415:9: error: expected declaration specifiers before '__attribute__'
  415 | _CRTIMP __cdecl __MINGW_NOTHROW  size_t wcscspn (const wchar_t *, const wchar_t *);
      |         ^~~~~~~
c:\mingw\include\wchar.h:416:9: error: expected declaration specifiers before '__attribute__'
  416 | _CRTIMP __cdecl __MINGW_NOTHROW  size_t wcslen (const wchar_t *);
      |         ^~~~~~~
c:\mingw\include\wchar.h:417:9: error: expected declaration specifiers before '__attribute__'
  417 | _CRTIMP __cdecl __MINGW_NOTHROW  wchar_t *wcsncat (wchar_t *, const wchar_t *, size_t);
      |         ^~~~~~~
c:\mingw\include\wchar.h:418:9: error: expected declaration specifiers before '__attribute__'
  418 | _CRTIMP __cdecl __MINGW_NOTHROW  int wcsncmp (const wchar_t *, const wchar_t *, size_t);
      |         ^~~~~~~
c:\mingw\include\wchar.h:419:9: error: expected declaration specifiers before '__attribute__'
  419 | _CRTIMP __cdecl __MINGW_NOTHROW  wchar_t *wcsncpy (wchar_t *, const wchar_t *, size_t);
      |         ^~~~~~~
c:\mingw\include\wchar.h:420:9: error: expected declaration specifiers before '__attribute__'
  420 | _CRTIMP __cdecl __MINGW_NOTHROW  wchar_t *wcspbrk (const wchar_t *, const wchar_t *);
      |         ^~~~~~~
c:\mingw\include\wchar.h:421:9: error: expected declaration specifiers before '__attribute__'
  421 | _CRTIMP __cdecl __MINGW_NOTHROW  wchar_t *wcsrchr (const wchar_t *, wchar_t);
      |         ^~~~~~~
c:\mingw\include\wchar.h:422:9: error: expected declaration specifiers before '__attribute__'
  422 | _CRTIMP __cdecl __MINGW_NOTHROW  size_t wcsspn (const wchar_t *, const wchar_t *);
      |         ^~~~~~~
c:\mingw\include\wchar.h:423:9: error: expected declaration specifiers before '__attribute__'
  423 | _CRTIMP __cdecl __MINGW_NOTHROW  wchar_t *wcsstr (const wchar_t *, const wchar_t *);
      |         ^~~~~~~
c:\mingw\include\wchar.h:424:9: error: expected declaration specifiers before '__attribute__'
  424 | _CRTIMP __cdecl __MINGW_NOTHROW  wchar_t *wcstok (wchar_t *, const wchar_t *);
      |         ^~~~~~~
c:\mingw\include\wchar.h:425:9: error: expected declaration specifiers before '__attribute__'
  425 | _CRTIMP __cdecl __MINGW_NOTHROW  size_t wcsxfrm (wchar_t *, const wchar_t *, size_t);
      |         ^~~~~~~
c:\mingw\include\wchar.h:430:9: error: expected declaration specifiers before '__attribute__'
  430 | _CRTIMP __cdecl __MINGW_NOTHROW  wchar_t *_wcsdup (const wchar_t *);
      |         ^~~~~~~
c:\mingw\include\wchar.h:431:9: error: expected declaration specifiers before '__attribute__'
  431 | _CRTIMP __cdecl __MINGW_NOTHROW  int _wcsicmp (const wchar_t *, const wchar_t *);
      |         ^~~~~~~
c:\mingw\include\wchar.h:432:9: error: expected declaration specifiers before '__attribute__'
  432 | _CRTIMP __cdecl __MINGW_NOTHROW  int _wcsicoll (const wchar_t *, const wchar_t *);
      |         ^~~~~~~
c:\mingw\include\wchar.h:433:9: error: expected declaration specifiers before '__attribute__'
  433 | _CRTIMP __cdecl __MINGW_NOTHROW  wchar_t *_wcslwr (wchar_t*);
      |         ^~~~~~~
c:\mingw\include\wchar.h:434:9: error: expected declaration specifiers before '__attribute__'
  434 | _CRTIMP __cdecl __MINGW_NOTHROW  int _wcsnicmp (const wchar_t *, const wchar_t *, size_t);
      |         ^~~~~~~
c:\mingw\include\wchar.h:435:9: error: expected declaration specifiers before '__attribute__'
  435 | _CRTIMP __cdecl __MINGW_NOTHROW  wchar_t *_wcsnset (wchar_t *, wchar_t, size_t);
      |         ^~~~~~~
c:\mingw\include\wchar.h:436:9: error: expected declaration specifiers before '__attribute__'
  436 | _CRTIMP __cdecl __MINGW_NOTHROW  wchar_t *_wcsrev (wchar_t *);
      |         ^~~~~~~
c:\mingw\include\wchar.h:437:9: error: expected declaration specifiers before '__attribute__'
  437 | _CRTIMP __cdecl __MINGW_NOTHROW  wchar_t *_wcsset (wchar_t *, wchar_t);
      |         ^~~~~~~
c:\mingw\include\wchar.h:438:9: error: expected declaration specifiers before '__attribute__'
  438 | _CRTIMP __cdecl __MINGW_NOTHROW  wchar_t *_wcsupr (wchar_t *);
      |         ^~~~~~~
c:\mingw\include\wchar.h:441:9: error: expected declaration specifiers before '__attribute__'
  441 | _CRTIMP __cdecl __MINGW_NOTHROW  int _wcsncoll (const wchar_t *, const wchar_t *, size_t);
      |         ^~~~~~~
c:\mingw\include\wchar.h:442:9: error: expected declaration specifiers before '__attribute__'
  442 | _CRTIMP __cdecl __MINGW_NOTHROW  int _wcsnicoll (const wchar_t *, const wchar_t *, size_t);
      |         ^~~~~~~
c:\mingw\include\wchar.h:475:9: error: expected declaration specifiers before '__attribute__'
  475 | _CRTIMP __cdecl __MINGW_NOTHROW  wchar_t *wcsdup (const wchar_t *);
      |         ^~~~~~~
c:\mingw\include\wchar.h:476:9: error: expected declaration specifiers before '__attribute__'
  476 | _CRTIMP __cdecl __MINGW_NOTHROW  int wcsicmp (const wchar_t *, const wchar_t *);
      |         ^~~~~~~
c:\mingw\include\wchar.h:477:9: error: expected declaration specifiers before '__attribute__'
  477 | _CRTIMP __cdecl __MINGW_NOTHROW  int wcsicoll (const wchar_t *, const wchar_t *);
      |         ^~~~~~~
c:\mingw\include\wchar.h:478:9: error: expected declaration specifiers before '__attribute__'
  478 | _CRTIMP __cdecl __MINGW_NOTHROW  wchar_t *wcslwr (wchar_t *);
      |         ^~~~~~~
c:\mingw\include\wchar.h:479:9: error: expected declaration specifiers before '__attribute__'
  479 | _CRTIMP __cdecl __MINGW_NOTHROW  int wcsnicmp (const wchar_t *, const wchar_t *, size_t);
      |         ^~~~~~~
c:\mingw\include\wchar.h:480:9: error: expected declaration specifiers before '__attribute__'
  480 | _CRTIMP __cdecl __MINGW_NOTHROW  wchar_t *wcsnset (wchar_t *, wchar_t, size_t);
      |         ^~~~~~~
c:\mingw\include\wchar.h:481:9: error: expected declaration specifiers before '__attribute__'
  481 | _CRTIMP __cdecl __MINGW_NOTHROW  wchar_t *wcsrev (wchar_t *);
      |         ^~~~~~~
c:\mingw\include\wchar.h:482:9: error: expected declaration specifiers before '__attribute__'
  482 | _CRTIMP __cdecl __MINGW_NOTHROW  wchar_t *wcsset (wchar_t *, wchar_t);
      |         ^~~~~~~
c:\mingw\include\wchar.h:483:9: error: expected declaration specifiers before '__attribute__'
  483 | _CRTIMP __cdecl __MINGW_NOTHROW  wchar_t *wcsupr (wchar_t *);
      |         ^~~~~~~
In file included from c:\mingw\include\string.h:170,
                 from ..\Passenger.h:13,
                 from ..\main.c:5:
c:\mingw\include\wchar.h:509:15: error: storage class specified for parameter '__mingw_wcsnlen'
  509 | extern size_t __mingw_wcsnlen (const wchar_t *, size_t);
      |               ^~~~~~~~~~~~~~~
c:\mingw\include\wchar.h:513:1: error: expected '=', ',', ';', 'asm' or '__attribute__' before '{' token
  513 | { return __mingw_wcsnlen (__text, __maxlen); }
      | ^
In file included from ..\Passenger.h:13,
                 from ..\main.c:5:
c:\mingw\include\string.h:193:15: error: storage class specified for parameter '__mingw_strnlen'
  193 | extern size_t __mingw_strnlen (const char *, size_t);
      |               ^~~~~~~~~~~~~~~
c:\mingw\include\string.h:197:1: error: expected '=', ',', ';', 'asm' or '__attribute__' before '{' token
  197 | { return __mingw_strnlen (__text, __maxlen); }
      | ^
c:\mingw\include\string.h:210:14: error: storage class specified for parameter 'strtok_r'
  210 | extern char *strtok_r
      |              ^~~~~~~~
c:\mingw\include\string.h:223:12: error: storage class specified for parameter 'strerror_r'
  223 | extern int strerror_r (int, char *, size_t);
      |            ^~~~~~~~~~
c:\mingw\include\string.h:248:1: error: expected '=', ',', ';', 'asm' or '__attribute__' before '{' token
  248 | { return strerror_r (__err, __buf, __len); }
      | ^
In file included from ..\main.c:5:
..\Passenger.h:26:2: error: storage class specified for parameter 'Passenger'
   26 | }Passenger;
      |  ^~~~~~~~~
..\Passenger.h:28:1: error: expected declaration specifiers before 'Passenger'
   28 | Passenger* Passenger_new();
      | ^~~~~~~~~
..\Passenger.h:29:1: error: expected declaration specifiers before 'Passenger'
   29 | Passenger* Passenger_newParametros(char* idStr,char* nombreStr,char* apellidoStr,char* precioStr,char* tipoPasajeroStr,char* codigoVueloStr,char* estadoVueloStr);
      | ^~~~~~~~~
In file included from ..\main.c:5:
..\Passenger.h:30:23: error: expected declaration specifiers or '...' before 'Passenger'
   30 | void Passenger_delete(Passenger* this);
      |                       ^~~~~~~~~
..\Passenger.h:32:21: error: expected declaration specifiers or '...' before 'Passenger'
   32 | int Passenger_setId(Passenger* this,int id);
      |                     ^~~~~~~~~
..\Passenger.h:33:21: error: expected declaration specifiers or '...' before 'Passenger'
   33 | int Passenger_getId(Passenger* this,int* id);
      |                     ^~~~~~~~~
..\Passenger.h:35:25: error: expected declaration specifiers or '...' before 'Passenger'
   35 | int Passenger_setNombre(Passenger* this,char* nombre);
      |                         ^~~~~~~~~
..\Passenger.h:36:25: error: expected declaration specifiers or '...' before 'Passenger'
   36 | int Passenger_getNombre(Passenger* this,char* nombre);
      |                         ^~~~~~~~~
..\Passenger.h:38:27: error: expected declaration specifiers or '...' before 'Passenger'
   38 | int Passenger_setApellido(Passenger* this,char* apellido);
      |                           ^~~~~~~~~
..\Passenger.h:39:27: error: expected declaration specifiers or '...' before 'Passenger'
   39 | int Passenger_getApellido(Passenger* this,char* apellido);
      |                           ^~~~~~~~~
..\Passenger.h:41:30: error: expected declaration specifiers or '...' before 'Passenger'
   41 | int Passenger_setCodigoVuelo(Passenger* this,char* codigoVuelo);
      |                              ^~~~~~~~~
..\Passenger.h:42:30: error: expected declaration specifiers or '...' before 'Passenger'
   42 | int Passenger_getCodigoVuelo(Passenger* this,char* codigoVuelo);
      |                              ^~~~~~~~~
..\Passenger.h:44:31: error: expected declaration specifiers or '...' before 'Passenger'
   44 | int Passenger_setTipoPasajero(Passenger* this,int tipoPasajero);
      |                               ^~~~~~~~~
..\Passenger.h:45:31: error: expected declaration specifiers or '...' before 'Passenger'
   45 | int Passenger_getTipoPasajero(Passenger* this,int* tipoPasajero);
      |                               ^~~~~~~~~
..\Passenger.h:47:25: error: expected declaration specifiers or '...' before 'Passenger'
   47 | int Passenger_setPrecio(Passenger* this,float precio);
      |                         ^~~~~~~~~
..\Passenger.h:48:25: error: expected declaration specifiers or '...' before 'Passenger'
   48 | int Passenger_getPrecio(Passenger* this,float* precio);
      |                         ^~~~~~~~~
..\Passenger.h:50:30: error: expected declaration specifiers or '...' before 'Passenger'
   50 | int Passenger_setEstadoVuelo(Passenger* this,char* estadoVuelo);
      |                              ^~~~~~~~~
..\Passenger.h:51:30: error: expected declaration specifiers or '...' before 'Passenger'
   51 | int Passenger_getEstadoVuelo(Passenger* this,char* estadoVuelo);
      |                              ^~~~~~~~~
..\Passenger.h:53:21: error: expected declaration specifiers or '...' before 'Passenger'
   53 | void Passenger_list(Passenger* this);
      |                     ^~~~~~~~~
..\main.c:24:1: error: expected '=', ',', ';', 'asm' or '__attribute__' before '{' token
   24 | {
      | ^
In file included from ..\main.c:4:
..\Controller.h:3:5: error: old-style parameter declarations in prototyped function definition
    3 | int controller_addPassenger(LinkedList* pArrayListPassenger, int* id)
      |     ^~~~~~~~~~~~~~~~~~~~~~~
..\main.c:193: error: expected '{' at end of input
..\main.c:191:1: warning: control reaches end of non-void function [-Wreturn-type]
  191 | }
      | ^
13:34:15 **** Incremental Build of configuration Debug for project TP_3 ****
Info: Internal Builder is used for build
gcc -O0 -g3 -Wall -c -fmessage-length=0 -o parser.o "..\\parser.c" 
gcc -O0 -g3 -Wall -c -fmessage-length=0 -o Passenger.o "..\\Passenger.c" 
gcc -O0 -g3 -Wall -c -fmessage-length=0 -o main.o "..\\main.c" 
c:\mingw\include\strings.h: In function 'controller_addPassenger':
c:\mingw\include\strings.h:80:9: error: expected declaration specifiers before '__attribute__'
   80 | _CRTIMP __cdecl __MINGW_NOTHROW  int _stricmp( const char *, const char * );
      |         ^~~~~~~
c:\mingw\include\strings.h:81:9: error: expected declaration specifiers before '__attribute__'
   81 | _CRTIMP __cdecl __MINGW_NOTHROW  int _strnicmp( const char *, const char *, size_t );
      |         ^~~~~~~
c:\mingw\include\string.h:70:9: error: expected declaration specifiers before '__attribute__'
   70 | _CRTIMP __cdecl __MINGW_NOTHROW  void *memchr (const void *, int, size_t) __MINGW_ATTRIB_PURE;
      |         ^~~~~~~
c:\mingw\include\string.h:71:9: error: expected declaration specifiers before '__attribute__'
   71 | _CRTIMP __cdecl __MINGW_NOTHROW  int memcmp (const void *, const void *, size_t) __MINGW_ATTRIB_PURE;
      |         ^~~~~~~
c:\mingw\include\string.h:72:9: error: expected declaration specifiers before '__attribute__'
   72 | _CRTIMP __cdecl __MINGW_NOTHROW  void *memcpy (void *, const void *, size_t);
      |         ^~~~~~~
c:\mingw\include\string.h:73:9: error: expected declaration specifiers before '__attribute__'
   73 | _CRTIMP __cdecl __MINGW_NOTHROW  void *memmove (void *, const void *, size_t);
      |         ^~~~~~~
c:\mingw\include\string.h:74:9: error: expected declaration specifiers before '__attribute__'
   74 | _CRTIMP __cdecl __MINGW_NOTHROW  void *memset (void *, int, size_t);
      |         ^~~~~~~
c:\mingw\include\string.h:75:9: error: expected declaration specifiers before '__attribute__'
   75 | _CRTIMP __cdecl __MINGW_NOTHROW  char *strcat (char *, const char *);
      |         ^~~~~~~
c:\mingw\include\string.h:76:9: error: expected declaration specifiers before '__attribute__'
   76 | _CRTIMP __cdecl __MINGW_NOTHROW  char *strchr (const char *, int) __MINGW_ATTRIB_PURE;
      |         ^~~~~~~
c:\mingw\include\string.h:77:9: error: expected declaration specifiers before '__attribute__'
   77 | _CRTIMP __cdecl __MINGW_NOTHROW  int strcmp (const char *, const char *) __MINGW_ATTRIB_PURE;
      |         ^~~~~~~
c:\mingw\include\string.h:78:9: error: expected declaration specifiers before '__attribute__'
   78 | _CRTIMP __cdecl __MINGW_NOTHROW  int strcoll (const char *, const char *); /* Compare using locale */
      |         ^~~~~~~
c:\mingw\include\string.h:79:9: error: expected declaration specifiers before '__attribute__'
   79 | _CRTIMP __cdecl __MINGW_NOTHROW  char *strcpy (char *, const char *);
      |         ^~~~~~~
c:\mingw\include\string.h:80:9: error: expected declaration specifiers before '__attribute__'
   80 | _CRTIMP __cdecl __MINGW_NOTHROW  size_t strcspn (const char *, const char *) __MINGW_ATTRIB_PURE;
      |         ^~~~~~~
c:\mingw\include\string.h:81:9: error: expected declaration specifiers before '__attribute__'
   81 | _CRTIMP __cdecl __MINGW_NOTHROW  char *strerror (int); /* NOTE: NOT an old name wrapper. */
      |         ^~~~~~~
c:\mingw\include\string.h:83:9: error: expected declaration specifiers before '__attribute__'
   83 | _CRTIMP __cdecl __MINGW_NOTHROW  size_t strlen (const char *) __MINGW_ATTRIB_PURE;
      |         ^~~~~~~
c:\mingw\include\string.h:84:9: error: expected declaration specifiers before '__attribute__'
   84 | _CRTIMP __cdecl __MINGW_NOTHROW  char *strncat (char *, const char *, size_t);
      |         ^~~~~~~
c:\mingw\include\string.h:85:9: error: expected declaration specifiers before '__attribute__'
   85 | _CRTIMP __cdecl __MINGW_NOTHROW  int strncmp (const char *, const char *, size_t) __MINGW_ATTRIB_PURE;
      |         ^~~~~~~
c:\mingw\include\string.h:86:9: error: expected declaration specifiers before '__attribute__'
   86 | _CRTIMP __cdecl __MINGW_NOTHROW  char *strncpy (char *, const char *, size_t);
      |         ^~~~~~~
c:\mingw\include\string.h:87:9: error: expected declaration specifiers before '__attribute__'
   87 | _CRTIMP __cdecl __MINGW_NOTHROW  char *strpbrk (const char *, const char *) __MINGW_ATTRIB_PURE;
      |         ^~~~~~~
c:\mingw\include\string.h:88:9: error: expected declaration specifiers before '__attribute__'
   88 | _CRTIMP __cdecl __MINGW_NOTHROW  char *strrchr (const char *, int) __MINGW_ATTRIB_PURE;
      |         ^~~~~~~
c:\mingw\include\string.h:89:9: error: expected declaration specifiers before '__attribute__'
   89 | _CRTIMP __cdecl __MINGW_NOTHROW  size_t strspn (const char *, const char *) __MINGW_ATTRIB_PURE;
      |         ^~~~~~~
c:\mingw\include\string.h:90:9: error: expected declaration specifiers before '__attribute__'
   90 | _CRTIMP __cdecl __MINGW_NOTHROW  char *strstr (const char *, const char *) __MINGW_ATTRIB_PURE;
      |         ^~~~~~~
c:\mingw\include\string.h:91:9: error: expected declaration specifiers before '__attribute__'
   91 | _CRTIMP __cdecl __MINGW_NOTHROW  char *strtok (char *, const char *);
      |         ^~~~~~~
c:\mingw\include\string.h:92:9: error: expected declaration specifiers before '__attribute__'
   92 | _CRTIMP __cdecl __MINGW_NOTHROW  size_t strxfrm (char *, const char *, size_t);
      |         ^~~~~~~
c:\mingw\include\string.h:97:9: error: expected declaration specifiers before '__attribute__'
   97 | _CRTIMP __cdecl __MINGW_NOTHROW  char *_strerror (const char *);
      |         ^~~~~~~
c:\mingw\include\string.h:98:9: error: expected declaration specifiers before '__attribute__'
   98 | _CRTIMP __cdecl __MINGW_NOTHROW  void *_memccpy (void *, const void *, int, size_t);
      |         ^~~~~~~
c:\mingw\include\string.h:99:9: error: expected declaration specifiers before '__attribute__'
   99 | _CRTIMP __cdecl __MINGW_NOTHROW  int _memicmp (const void *, const void *, size_t);
      |         ^~~~~~~
c:\mingw\include\string.h:100:9: error: expected declaration specifiers before '__attribute__'
  100 | _CRTIMP __cdecl __MINGW_NOTHROW  char *_strdup (const char *) __MINGW_ATTRIB_MALLOC;
      |         ^~~~~~~
c:\mingw\include\string.h:101:9: error: expected declaration specifiers before '__attribute__'
  101 | _CRTIMP __cdecl __MINGW_NOTHROW  int _strcmpi (const char *, const char *);
      |         ^~~~~~~
c:\mingw\include\string.h:102:9: error: expected declaration specifiers before '__attribute__'
  102 | _CRTIMP __cdecl __MINGW_NOTHROW  int _stricoll (const char *, const char *);
      |         ^~~~~~~
c:\mingw\include\string.h:103:9: error: expected declaration specifiers before '__attribute__'
  103 | _CRTIMP __cdecl __MINGW_NOTHROW  char *_strlwr (char *);
      |         ^~~~~~~
c:\mingw\include\string.h:104:9: error: expected declaration specifiers before '__attribute__'
  104 | _CRTIMP __cdecl __MINGW_NOTHROW  char *_strnset (char *, int, size_t);
      |         ^~~~~~~
c:\mingw\include\string.h:105:9: error: expected declaration specifiers before '__attribute__'
  105 | _CRTIMP __cdecl __MINGW_NOTHROW  char *_strrev (char *);
      |         ^~~~~~~
c:\mingw\include\string.h:106:9: error: expected declaration specifiers before '__attribute__'
  106 | _CRTIMP __cdecl __MINGW_NOTHROW  char *_strset (char *, int);
      |         ^~~~~~~
c:\mingw\include\string.h:107:9: error: expected declaration specifiers before '__attribute__'
  107 | _CRTIMP __cdecl __MINGW_NOTHROW  char *_strupr (char *);
      |         ^~~~~~~
c:\mingw\include\string.h:108:9: error: expected declaration specifiers before '__attribute__'
  108 | _CRTIMP __cdecl __MINGW_NOTHROW  void _swab (const char *, char *, size_t);
      |         ^~~~~~~
c:\mingw\include\string.h:126:9: error: expected declaration specifiers before '__attribute__'
  126 | _CRTIMP __cdecl __MINGW_NOTHROW  int _strncoll(const char *, const char *, size_t);
      |         ^~~~~~~
c:\mingw\include\string.h:127:9: error: expected declaration specifiers before '__attribute__'
  127 | _CRTIMP __cdecl __MINGW_NOTHROW  int _strnicoll(const char *, const char *, size_t);
      |         ^~~~~~~
c:\mingw\include\string.h:134:9: error: expected declaration specifiers before '__attribute__'
  134 | _CRTIMP __cdecl __MINGW_NOTHROW  void *memccpy (void *, const void *, int, size_t);
      |         ^~~~~~~
c:\mingw\include\string.h:135:9: error: expected declaration specifiers before '__attribute__'
  135 | _CRTIMP __cdecl __MINGW_NOTHROW  int memicmp (const void *, const void *, size_t);
      |         ^~~~~~~
c:\mingw\include\string.h:136:9: error: expected declaration specifiers before '__attribute__'
  136 | _CRTIMP __cdecl __MINGW_NOTHROW  char *strdup (const char *) __MINGW_ATTRIB_MALLOC;
      |         ^~~~~~~
c:\mingw\include\string.h:137:9: error: expected declaration specifiers before '__attribute__'
  137 | _CRTIMP __cdecl __MINGW_NOTHROW  int strcmpi (const char *, const char *);
      |         ^~~~~~~
c:\mingw\include\string.h:138:9: error: expected declaration specifiers before '__attribute__'
  138 | _CRTIMP __cdecl __MINGW_NOTHROW  int stricmp (const char *, const char *);
      |         ^~~~~~~
c:\mingw\include\string.h:139:9: error: expected declaration specifiers before '__attribute__'
  139 | _CRTIMP __cdecl __MINGW_NOTHROW  int stricoll (const char *, const char *);
      |         ^~~~~~~
c:\mingw\include\string.h:140:9: error: expected declaration specifiers before '__attribute__'
  140 | _CRTIMP __cdecl __MINGW_NOTHROW  char *strlwr (char *);
      |         ^~~~~~~
c:\mingw\include\string.h:141:9: error: expected declaration specifiers before '__attribute__'
  141 | _CRTIMP __cdecl __MINGW_NOTHROW  int strnicmp (const char *, const char *, size_t);
      |         ^~~~~~~
c:\mingw\include\string.h:142:9: error: expected declaration specifiers before '__attribute__'
  142 | _CRTIMP __cdecl __MINGW_NOTHROW  char *strnset (char *, int, size_t);
      |         ^~~~~~~
c:\mingw\include\string.h:143:9: error: expected declaration specifiers before '__attribute__'
  143 | _CRTIMP __cdecl __MINGW_NOTHROW  char *strrev (char *);
      |         ^~~~~~~
c:\mingw\include\string.h:144:9: error: expected declaration specifiers before '__attribute__'
  144 | _CRTIMP __cdecl __MINGW_NOTHROW  char *strset (char *, int);
      |         ^~~~~~~
c:\mingw\include\string.h:145:9: error: expected declaration specifiers before '__attribute__'
  145 | _CRTIMP __cdecl __MINGW_NOTHROW  char *strupr (char *);
      |         ^~~~~~~
c:\mingw\include\string.h:151:9: error: expected declaration specifiers before '__attribute__'
  151 | _CRTIMP __cdecl __MINGW_NOTHROW  void swab (const char *, char *, size_t);
      |         ^~~~~~~
c:\mingw\include\wchar.h:410:9: error: expected declaration specifiers before '__attribute__'
  410 | _CRTIMP __cdecl __MINGW_NOTHROW  wchar_t *wcscat (wchar_t *, const wchar_t *);
      |         ^~~~~~~
c:\mingw\include\wchar.h:411:9: error: expected declaration specifiers before '__attribute__'
  411 | _CRTIMP __cdecl __MINGW_NOTHROW  wchar_t *wcschr (const wchar_t *, wchar_t);
      |         ^~~~~~~
c:\mingw\include\wchar.h:412:9: error: expected declaration specifiers before '__attribute__'
  412 | _CRTIMP __cdecl __MINGW_NOTHROW  int wcscmp (const wchar_t *, const wchar_t *);
      |         ^~~~~~~
c:\mingw\include\wchar.h:413:9: error: expected declaration specifiers before '__attribute__'
  413 | _CRTIMP __cdecl __MINGW_NOTHROW  int wcscoll (const wchar_t *, const wchar_t *);
      |         ^~~~~~~
c:\mingw\include\wchar.h:414:9: error: expected declaration specifiers before '__attribute__'
  414 | _CRTIMP __cdecl __MINGW_NOTHROW  wchar_t *wcscpy (wchar_t *, const wchar_t *);
      |         ^~~~~~~
c:\mingw\include\wchar.h:415:9: error: expected declaration specifiers before '__attribute__'
  415 | _CRTIMP __cdecl __MINGW_NOTHROW  size_t wcscspn (const wchar_t *, const wchar_t *);
      |         ^~~~~~~
c:\mingw\include\wchar.h:416:9: error: expected declaration specifiers before '__attribute__'
  416 | _CRTIMP __cdecl __MINGW_NOTHROW  size_t wcslen (const wchar_t *);
      |         ^~~~~~~
c:\mingw\include\wchar.h:417:9: error: expected declaration specifiers before '__attribute__'
  417 | _CRTIMP __cdecl __MINGW_NOTHROW  wchar_t *wcsncat (wchar_t *, const wchar_t *, size_t);
      |         ^~~~~~~
c:\mingw\include\wchar.h:418:9: error: expected declaration specifiers before '__attribute__'
  418 | _CRTIMP __cdecl __MINGW_NOTHROW  int wcsncmp (const wchar_t *, const wchar_t *, size_t);
      |         ^~~~~~~
c:\mingw\include\wchar.h:419:9: error: expected declaration specifiers before '__attribute__'
  419 | _CRTIMP __cdecl __MINGW_NOTHROW  wchar_t *wcsncpy (wchar_t *, const wchar_t *, size_t);
      |         ^~~~~~~
c:\mingw\include\wchar.h:420:9: error: expected declaration specifiers before '__attribute__'
  420 | _CRTIMP __cdecl __MINGW_NOTHROW  wchar_t *wcspbrk (const wchar_t *, const wchar_t *);
      |         ^~~~~~~
c:\mingw\include\wchar.h:421:9: error: expected declaration specifiers before '__attribute__'
  421 | _CRTIMP __cdecl __MINGW_NOTHROW  wchar_t *wcsrchr (const wchar_t *, wchar_t);
      |         ^~~~~~~
c:\mingw\include\wchar.h:422:9: error: expected declaration specifiers before '__attribute__'
  422 | _CRTIMP __cdecl __MINGW_NOTHROW  size_t wcsspn (const wchar_t *, const wchar_t *);
      |         ^~~~~~~
c:\mingw\include\wchar.h:423:9: error: expected declaration specifiers before '__attribute__'
  423 | _CRTIMP __cdecl __MINGW_NOTHROW  wchar_t *wcsstr (const wchar_t *, const wchar_t *);
      |         ^~~~~~~
c:\mingw\include\wchar.h:424:9: error: expected declaration specifiers before '__attribute__'
  424 | _CRTIMP __cdecl __MINGW_NOTHROW  wchar_t *wcstok (wchar_t *, const wchar_t *);
      |         ^~~~~~~
c:\mingw\include\wchar.h:425:9: error: expected declaration specifiers before '__attribute__'
  425 | _CRTIMP __cdecl __MINGW_NOTHROW  size_t wcsxfrm (wchar_t *, const wchar_t *, size_t);
      |         ^~~~~~~
c:\mingw\include\wchar.h:430:9: error: expected declaration specifiers before '__attribute__'
  430 | _CRTIMP __cdecl __MINGW_NOTHROW  wchar_t *_wcsdup (const wchar_t *);
      |         ^~~~~~~
c:\mingw\include\wchar.h:431:9: error: expected declaration specifiers before '__attribute__'
  431 | _CRTIMP __cdecl __MINGW_NOTHROW  int _wcsicmp (const wchar_t *, const wchar_t *);
      |         ^~~~~~~
c:\mingw\include\wchar.h:432:9: error: expected declaration specifiers before '__attribute__'
  432 | _CRTIMP __cdecl __MINGW_NOTHROW  int _wcsicoll (const wchar_t *, const wchar_t *);
      |         ^~~~~~~
c:\mingw\include\wchar.h:433:9: error: expected declaration specifiers before '__attribute__'
  433 | _CRTIMP __cdecl __MINGW_NOTHROW  wchar_t *_wcslwr (wchar_t*);
      |         ^~~~~~~
c:\mingw\include\wchar.h:434:9: error: expected declaration specifiers before '__attribute__'
  434 | _CRTIMP __cdecl __MINGW_NOTHROW  int _wcsnicmp (const wchar_t *, const wchar_t *, size_t);
      |         ^~~~~~~
c:\mingw\include\wchar.h:435:9: error: expected declaration specifiers before '__attribute__'
  435 | _CRTIMP __cdecl __MINGW_NOTHROW  wchar_t *_wcsnset (wchar_t *, wchar_t, size_t);
      |         ^~~~~~~
c:\mingw\include\wchar.h:436:9: error: expected declaration specifiers before '__attribute__'
  436 | _CRTIMP __cdecl __MINGW_NOTHROW  wchar_t *_wcsrev (wchar_t *);
      |         ^~~~~~~
c:\mingw\include\wchar.h:437:9: error: expected declaration specifiers before '__attribute__'
  437 | _CRTIMP __cdecl __MINGW_NOTHROW  wchar_t *_wcsset (wchar_t *, wchar_t);
      |         ^~~~~~~
c:\mingw\include\wchar.h:438:9: error: expected declaration specifiers before '__attribute__'
  438 | _CRTIMP __cdecl __MINGW_NOTHROW  wchar_t *_wcsupr (wchar_t *);
      |         ^~~~~~~
c:\mingw\include\wchar.h:441:9: error: expected declaration specifiers before '__attribute__'
  441 | _CRTIMP __cdecl __MINGW_NOTHROW  int _wcsncoll (const wchar_t *, const wchar_t *, size_t);
      |         ^~~~~~~
c:\mingw\include\wchar.h:442:9: error: expected declaration specifiers before '__attribute__'
  442 | _CRTIMP __cdecl __MINGW_NOTHROW  int _wcsnicoll (const wchar_t *, const wchar_t *, size_t);
      |         ^~~~~~~
c:\mingw\include\wchar.h:475:9: error: expected declaration specifiers before '__attribute__'
  475 | _CRTIMP __cdecl __MINGW_NOTHROW  wchar_t *wcsdup (const wchar_t *);
      |         ^~~~~~~
c:\mingw\include\wchar.h:476:9: error: expected declaration specifiers before '__attribute__'
  476 | _CRTIMP __cdecl __MINGW_NOTHROW  int wcsicmp (const wchar_t *, const wchar_t *);
      |         ^~~~~~~
c:\mingw\include\wchar.h:477:9: error: expected declaration specifiers before '__attribute__'
  477 | _CRTIMP __cdecl __MINGW_NOTHROW  int wcsicoll (const wchar_t *, const wchar_t *);
      |         ^~~~~~~
c:\mingw\include\wchar.h:478:9: error: expected declaration specifiers before '__attribute__'
  478 | _CRTIMP __cdecl __MINGW_NOTHROW  wchar_t *wcslwr (wchar_t *);
      |         ^~~~~~~
c:\mingw\include\wchar.h:479:9: error: expected declaration specifiers before '__attribute__'
  479 | _CRTIMP __cdecl __MINGW_NOTHROW  int wcsnicmp (const wchar_t *, const wchar_t *, size_t);
      |         ^~~~~~~
c:\mingw\include\wchar.h:480:9: error: expected declaration specifiers before '__attribute__'
  480 | _CRTIMP __cdecl __MINGW_NOTHROW  wchar_t *wcsnset (wchar_t *, wchar_t, size_t);
      |         ^~~~~~~
c:\mingw\include\wchar.h:481:9: error: expected declaration specifiers before '__attribute__'
  481 | _CRTIMP __cdecl __MINGW_NOTHROW  wchar_t *wcsrev (wchar_t *);
      |         ^~~~~~~
c:\mingw\include\wchar.h:482:9: error: expected declaration specifiers before '__attribute__'
  482 | _CRTIMP __cdecl __MINGW_NOTHROW  wchar_t *wcsset (wchar_t *, wchar_t);
      |         ^~~~~~~
c:\mingw\include\wchar.h:483:9: error: expected declaration specifiers before '__attribute__'
  483 | _CRTIMP __cdecl __MINGW_NOTHROW  wchar_t *wcsupr (wchar_t *);
      |         ^~~~~~~
In file included from c:\mingw\include\string.h:170,
                 from ..\Passenger.h:13,
                 from ..\main.c:5:
c:\mingw\include\wchar.h:509:15: error: storage class specified for parameter '__mingw_wcsnlen'
  509 | extern size_t __mingw_wcsnlen (const wchar_t *, size_t);
      |               ^~~~~~~~~~~~~~~
c:\mingw\include\wchar.h:513:1: error: expected '=', ',', ';', 'asm' or '__attribute__' before '{' token
  513 | { return __mingw_wcsnlen (__text, __maxlen); }
      | ^
In file included from ..\Passenger.h:13,
                 from ..\main.c:5:
c:\mingw\include\string.h:193:15: error: storage class specified for parameter '__mingw_strnlen'
  193 | extern size_t __mingw_strnlen (const char *, size_t);
      |               ^~~~~~~~~~~~~~~
c:\mingw\include\string.h:197:1: error: expected '=', ',', ';', 'asm' or '__attribute__' before '{' token
  197 | { return __mingw_strnlen (__text, __maxlen); }
      | ^
c:\mingw\include\string.h:210:14: error: storage class specified for parameter 'strtok_r'
  210 | extern char *strtok_r
      |              ^~~~~~~~
c:\mingw\include\string.h:223:12: error: storage class specified for parameter 'strerror_r'
  223 | extern int strerror_r (int, char *, size_t);
      |            ^~~~~~~~~~
c:\mingw\include\string.h:248:1: error: expected '=', ',', ';', 'asm' or '__attribute__' before '{' token
  248 | { return strerror_r (__err, __buf, __len); }
      | ^
In file included from ..\main.c:5:
..\Passenger.h:26:2: error: storage class specified for parameter 'Passenger'
   26 | }Passenger;
      |  ^~~~~~~~~
..\Passenger.h:28:1: error: expected declaration specifiers before 'Passenger'
   28 | Passenger* Passenger_new();
      | ^~~~~~~~~
..\Passenger.h:29:1: error: expected declaration specifiers before 'Passenger'
   29 | Passenger* Passenger_newParametros(char* idStr,char* nombreStr,char* apellidoStr,char* precioStr,char* tipoPasajeroStr,char* codigoVueloStr,char* estadoVueloStr);
      | ^~~~~~~~~
In file included from ..\main.c:5:
..\Passenger.h:30:23: error: expected declaration specifiers or '...' before 'Passenger'
   30 | void Passenger_delete(Passenger* this);
      |                       ^~~~~~~~~
..\Passenger.h:32:21: error: expected declaration specifiers or '...' before 'Passenger'
   32 | int Passenger_setId(Passenger* this,int id);
      |                     ^~~~~~~~~
..\Passenger.h:33:21: error: expected declaration specifiers or '...' before 'Passenger'
   33 | int Passenger_getId(Passenger* this,int* id);
      |                     ^~~~~~~~~
..\Passenger.h:35:25: error: expected declaration specifiers or '...' before 'Passenger'
   35 | int Passenger_setNombre(Passenger* this,char* nombre);
      |                         ^~~~~~~~~
..\Passenger.h:36:25: error: expected declaration specifiers or '...' before 'Passenger'
   36 | int Passenger_getNombre(Passenger* this,char* nombre);
      |                         ^~~~~~~~~
..\Passenger.h:38:27: error: expected declaration specifiers or '...' before 'Passenger'
   38 | int Passenger_setApellido(Passenger* this,char* apellido);
      |                           ^~~~~~~~~
..\Passenger.h:39:27: error: expected declaration specifiers or '...' before 'Passenger'
   39 | int Passenger_getApellido(Passenger* this,char* apellido);
      |                           ^~~~~~~~~
..\Passenger.h:41:30: error: expected declaration specifiers or '...' before 'Passenger'
   41 | int Passenger_setCodigoVuelo(Passenger* this,char* codigoVuelo);
      |                              ^~~~~~~~~
..\Passenger.h:42:30: error: expected declaration specifiers or '...' before 'Passenger'
   42 | int Passenger_getCodigoVuelo(Passenger* this,char* codigoVuelo);
      |                              ^~~~~~~~~
..\Passenger.h:44:31: error: expected declaration specifiers or '...' before 'Passenger'
   44 | int Passenger_setTipoPasajero(Passenger* this,int tipoPasajero);
      |                               ^~~~~~~~~
..\Passenger.h:45:31: error: expected declaration specifiers or '...' before 'Passenger'
   45 | int Passenger_getTipoPasajero(Passenger* this,int* tipoPasajero);
      |                               ^~~~~~~~~
..\Passenger.h:47:25: error: expected declaration specifiers or '...' before 'Passenger'
   47 | int Passenger_setPrecio(Passenger* this,float precio);
      |                         ^~~~~~~~~
..\Passenger.h:48:25: error: expected declaration specifiers or '...' before 'Passenger'
   48 | int Passenger_getPrecio(Passenger* this,float* precio);
      |                         ^~~~~~~~~
..\Passenger.h:50:30: error: expected declaration specifiers or '...' before 'Passenger'
   50 | int Passenger_setEstadoVuelo(Passenger* this,char* estadoVuelo);
      |                              ^~~~~~~~~
..\Passenger.h:51:30: error: expected declaration specifiers or '...' before 'Passenger'
   51 | int Passenger_getEstadoVuelo(Passenger* this,char* estadoVuelo);
      |                              ^~~~~~~~~
..\Passenger.h:53:21: error: expected declaration specifiers or '...' before 'Passenger'
   53 | void Passenger_list(Passenger* this);
      |                     ^~~~~~~~~
..\main.c:24:1: error: expected '=', ',', ';', 'asm' or '__attribute__' before '{' token
   24 | {
      | ^
In file included from ..\main.c:4:
..\Controller.h:3:5: error: old-style parameter declarations in prototyped function definition
    3 | int controller_addPassenger(LinkedList* pArrayListPassenger, int* id)
      |     ^~~~~~~~~~~~~~~~~~~~~~~
..\main.c:193: error: expected '{' at end of input
..\main.c:191:1: warning: control reaches end of non-void function [-Wreturn-type]
  191 | }
      | ^
13:35:08 **** Incremental Build of configuration Debug for project TP_3 ****
Info: Internal Builder is used for build
gcc -O0 -g3 -Wall -c -fmessage-length=0 -o main.o "..\\main.c" 
..\main.c: In function 'main':
..\main.c:106:14: warning: implicit declaration of function 'controller_saveId'; did you mean 'controller_loadId'? [-Wimplicit-function-declaration]
  106 |              controller_saveId("lastId.csv", listaPasajeros, id);
      |              ^~~~~~~~~~~~~~~~~
      |              controller_loadId
gcc "-LD:\\OneDrive\\Escritorio\\TP_LABORATORIO_1\\TP_3" -o TP_3.exe Controller.o Passenger.o input.o main.o parser.o -lLinkedList 
14:32:42 **** Incremental Build of configuration Debug for project TP_3 ****
Info: Internal Builder is used for build
gcc -O0 -g3 -Wall -c -fmessage-length=0 -o main.o "..\\main.c" 
..\main.c: In function 'main':
..\main.c:106:14: warning: implicit declaration of function 'controller_saveId'; did you mean 'controller_id'? [-Wimplicit-function-declaration]
  106 |              controller_saveId("lastId.csv", listaPasajeros, id);
      |              ^~~~~~~~~~~~~~~~~
      |              controller_id
..\main.c:107:14: error: too many arguments to function 'controller_addPassenger'
  107 |              controller_addPassenger(listaPasajeros, &id);
      |              ^~~~~~~~~~~~~~~~~~~~~~~
In file included from ..\main.c:4:
..\Controller.h:3:5: note: declared here
    3 | int controller_addPassenger(LinkedList* pArrayListPassenger);
      |     ^~~~~~~~~~~~~~~~~~~~~~~
14:32:55 **** Incremental Build of configuration Debug for project TP_3 ****
Info: Internal Builder is used for build
gcc -O0 -g3 -Wall -c -fmessage-length=0 -o Passenger.o "..\\Passenger.c" 
gcc -O0 -g3 -Wall -c -fmessage-length=0 -o parser.o "..\\parser.c" 
gcc -O0 -g3 -Wall -c -fmessage-length=0 -o main.o "..\\main.c" 
..\main.c: In function 'main':
..\main.c:106:14: warning: implicit declaration of function 'controller_saveId'; did you mean 'controller_id'? [-Wimplicit-function-declaration]
  106 |              controller_saveId("lastId.csv", listaPasajeros, id);
      |              ^~~~~~~~~~~~~~~~~
      |              controller_id
gcc -O0 -g3 -Wall -c -fmessage-length=0 -o Controller.o "..\\Controller.c" 
..\Controller.c: In function 'controller_addPassenger':
..\Controller.c:207:10: warning: implicit declaration of function 'controller_id' [-Wimplicit-function-declaration]
  207 |  auxId = controller_id();
      |          ^~~~~~~~~~~~~
gcc "-LD:\\OneDrive\\Escritorio\\TP_LABORATORIO_1\\TP_3" -o TP_3.exe Controller.o Passenger.o input.o main.o parser.o -lLinkedList 
c:/mingw/bin/../lib/gcc/mingw32/9.2.0/../../../../mingw32/bin/ld.exe: main.o: in function `main':
D:\OneDrive\Escritorio\TP_LABORATORIO_1\TP_3\Debug/../main.c:106: undefined reference to `controller_saveId'
collect2.exe: error: ld returned 1 exit status
14:33:02 **** Incremental Build of configuration Debug for project TP_3 ****
Info: Internal Builder is used for build
gcc -O0 -g3 -Wall -c -fmessage-length=0 -o main.o "..\\main.c" 
..\main.c: In function 'main':
..\main.c:29:9: warning: unused variable 'id' [-Wunused-variable]
   29 |     int id = 1000;
      |         ^~
gcc "-LD:\\OneDrive\\Escritorio\\TP_LABORATORIO_1\\TP_3" -o TP_3.exe Controller.o Passenger.o input.o main.o parser.o -lLinkedList 
14:33:10 **** Incremental Build of configuration Debug for project TP_3 ****
Info: Internal Builder is used for build
gcc -O0 -g3 -Wall -c -fmessage-length=0 -o main.o "..\\main.c" 
gcc "-LD:\\OneDrive\\Escritorio\\TP_LABORATORIO_1\\TP_3" -o TP_3.exe Controller.o Passenger.o input.o main.o parser.o -lLinkedList 
14:35:11 **** Incremental Build of configuration Debug for project TP_3 ****
Info: Internal Builder is used for build
gcc -O0 -g3 -Wall -c -fmessage-length=0 -o Controller.o "..\\Controller.c" 
..\Controller.c: In function 'controller_addPassenger':
..\Controller.c:207:10: warning: implicit declaration of function 'controller_id' [-Wimplicit-function-declaration]
  207 |  auxId = controller_id();
      |          ^~~~~~~~~~~~~
gcc "-LD:\\OneDrive\\Escritorio\\TP_LABORATORIO_1\\TP_3" -o TP_3.exe Controller.o Passenger.o input.o main.o parser.o -lLinkedList 
14:38:43 **** Incremental Build of configuration Debug for project TP_3 ****
Info: Internal Builder is used for build
gcc -O0 -g3 -Wall -c -fmessage-length=0 -o Controller.o "..\\Controller.c" 
..\Controller.c: In function 'controller_addPassenger':
..\Controller.c:207:10: warning: implicit declaration of function 'controller_id' [-Wimplicit-function-declaration]
  207 |  auxId = controller_id();
      |          ^~~~~~~~~~~~~
gcc "-LD:\\OneDrive\\Escritorio\\TP_LABORATORIO_1\\TP_3" -o TP_3.exe Controller.o Passenger.o input.o main.o parser.o -lLinkedList 
Info: Nothing to build for TP_3
14:41:34 **** Incremental Build of configuration Debug for project TP_3 ****
Info: Internal Builder is used for build
gcc -O0 -g3 -Wall -c -fmessage-length=0 -o Controller.o "..\\Controller.c" 
..\Controller.c: In function 'controller_addPassenger':
..\Controller.c:207:10: warning: implicit declaration of function 'controller_id' [-Wimplicit-function-declaration]
  207 |  auxId = controller_id();
      |          ^~~~~~~~~~~~~
gcc "-LD:\\OneDrive\\Escritorio\\TP_LABORATORIO_1\\TP_3" -o TP_3.exe Controller.o Passenger.o input.o main.o parser.o -lLinkedList 
14:42:53 **** Incremental Build of configuration Debug for project TP_3 ****
Info: Internal Builder is used for build
gcc -O0 -g3 -Wall -c -fmessage-length=0 -o Controller.o "..\\Controller.c" 
..\Controller.c: In function 'controller_addPassenger':
..\Controller.c:207:10: warning: implicit declaration of function 'controller_id'; did you mean 'controller_updateId'? [-Wimplicit-function-declaration]
  207 |  auxId = controller_id();
      |          ^~~~~~~~~~~~~
      |          controller_updateId
gcc -O0 -g3 -Wall -c -fmessage-length=0 -o main.o "..\\main.c" 
gcc "-LD:\\OneDrive\\Escritorio\\TP_LABORATORIO_1\\TP_3" -o TP_3.exe Controller.o Passenger.o input.o main.o parser.o -lLinkedList 
14:43:48 **** Incremental Build of configuration Debug for project TP_3 ****
Info: Internal Builder is used for build
gcc -O0 -g3 -Wall -c -fmessage-length=0 -o main.o "..\\main.c" 
gcc -O0 -g3 -Wall -c -fmessage-length=0 -o Controller.o "..\\Controller.c" 
gcc "-LD:\\OneDrive\\Escritorio\\TP_LABORATORIO_1\\TP_3" -o TP_3.exe Controller.o Passenger.o input.o main.o parser.o -lLinkedList 
Info: Nothing to build for TP_3
Info: Nothing to build for TP_3
Info: Nothing to build for TP_3
Info: Nothing to build for TP_3
Info: Nothing to build for TP_3
14:53:39 **** Incremental Build of configuration Debug for project TP_3 ****
Info: Internal Builder is used for build
gcc -O0 -g3 -Wall -c -fmessage-length=0 -o main.o "..\\main.c" 
gcc "-LD:\\OneDrive\\Escritorio\\TP_LABORATORIO_1\\TP_3" -o TP_3.exe Controller.o Passenger.o input.o main.o parser.o -lLinkedList 
14:54:23 **** Incremental Build of configuration Debug for project TP_3 ****
Info: Internal Builder is used for build
gcc -O0 -g3 -Wall -c -fmessage-length=0 -o main.o "..\\main.c" 
gcc "-LD:\\OneDrive\\Escritorio\\TP_LABORATORIO_1\\TP_3" -o TP_3.exe Controller.o Passenger.o input.o main.o parser.o -lLinkedList 
14:54:32 **** Incremental Build of configuration Debug for project TP_3 ****
Info: Internal Builder is used for build
gcc -O0 -g3 -Wall -c -fmessage-length=0 -o main.o "..\\main.c" 
gcc "-LD:\\OneDrive\\Escritorio\\TP_LABORATORIO_1\\TP_3" -o TP_3.exe Controller.o Passenger.o input.o main.o parser.o -lLinkedList 
15:01:26 **** Incremental Build of configuration Debug for project TP_3 ****
Info: Internal Builder is used for build
gcc -O0 -g3 -Wall -c -fmessage-length=0 -o main.o "..\\main.c" 
gcc "-LD:\\OneDrive\\Escritorio\\TP_LABORATORIO_1\\TP_3" -o TP_3.exe Controller.o Passenger.o input.o main.o parser.o -lLinkedList 
15:02:22 **** Incremental Build of configuration Debug for project TP_3 ****
Info: Internal Builder is used for build
gcc -O0 -g3 -Wall -c -fmessage-length=0 -o main.o "..\\main.c" 
gcc "-LD:\\OneDrive\\Escritorio\\TP_LABORATORIO_1\\TP_3" -o TP_3.exe Controller.o Passenger.o input.o main.o parser.o -lLinkedList 
15:02:46 **** Incremental Build of configuration Debug for project TP_3 ****
Info: Internal Builder is used for build
gcc -O0 -g3 -Wall -c -fmessage-length=0 -o main.o "..\\main.c" 
gcc "-LD:\\OneDrive\\Escritorio\\TP_LABORATORIO_1\\TP_3" -o TP_3.exe Controller.o Passenger.o input.o main.o parser.o -lLinkedList 
Info: Nothing to build for TP_3
Info: Nothing to build for TP_3
Info: Nothing to build for TP_3
15:04:13 **** Incremental Build of configuration Debug for project TP_3 ****
Info: Internal Builder is used for build
gcc -O0 -g3 -Wall -c -fmessage-length=0 -o main.o "..\\main.c" 
gcc "-LD:\\OneDrive\\Escritorio\\TP_LABORATORIO_1\\TP_3" -o TP_3.exe Controller.o Passenger.o input.o main.o parser.o -lLinkedList 
15:06:22 **** Incremental Build of configuration Debug for project TP_3 ****
Info: Internal Builder is used for build
gcc -O0 -g3 -Wall -c -fmessage-length=0 -o main.o "..\\main.c" 
gcc "-LD:\\OneDrive\\Escritorio\\TP_LABORATORIO_1\\TP_3" -o TP_3.exe Controller.o Passenger.o input.o main.o parser.o -lLinkedList 
